<?xml version="1.0" encoding="UTF-8" standalone="yes"?><!DOCTYPE report PUBLIC "-//JACOCO//DTD Report 1.1//EN" "report.dtd"><report name="reports"><sessioninfo id="Sams-MacBook-Pro.local-3e2c31de" start="1656312422042" dump="1656312432122"/><sessioninfo id="Sams-MacBook-Pro.local-23f1f520" start="1656319690690" dump="1656319692902"/><package name="elide/server/ssr"><class name="elide/server/ssr/ServerSSRRenderer" sourcefilename="ServerSSRRenderer.kt"><method name="&lt;init&gt;" desc="(Lelide/runtime/graalvm/JsRuntime$ExecutableScript;)V" line="15"><counter type="INSTRUCTION" missed="9" covered="0"/><counter type="LINE" missed="1" covered="0"/><counter type="COMPLEXITY" missed="1" covered="0"/><counter type="METHOD" missed="1" covered="0"/></method><method name="renderInline" desc="()Ljava/lang/String;" line="23"><counter type="INSTRUCTION" missed="10" covered="0"/><counter type="LINE" missed="2" covered="0"/><counter type="COMPLEXITY" missed="1" covered="0"/><counter type="METHOD" missed="1" covered="0"/></method><method name="render" desc="()Ljava/io/ByteArrayOutputStream;" line="36"><counter type="INSTRUCTION" missed="70" covered="0"/><counter type="BRANCH" missed="4" covered="0"/><counter type="LINE" missed="7" covered="0"/><counter type="COMPLEXITY" missed="3" covered="0"/><counter type="METHOD" missed="1" covered="0"/></method><method name="renderResponse" desc="(Lio/micronaut/http/MutableHttpResponse;)Lio/micronaut/http/MutableHttpResponse;" line="56"><counter type="INSTRUCTION" missed="11" covered="0"/><counter type="LINE" missed="2" covered="0"/><counter type="COMPLEXITY" missed="1" covered="0"/><counter type="METHOD" missed="1" covered="0"/></method><counter type="INSTRUCTION" missed="100" covered="0"/><counter type="BRANCH" missed="4" covered="0"/><counter type="LINE" missed="12" covered="0"/><counter type="COMPLEXITY" missed="6" covered="0"/><counter type="METHOD" missed="4" covered="0"/><counter type="CLASS" missed="1" covered="0"/></class><class name="elide/server/ssr/ServerRenderer" sourcefilename="ServerRenderer.kt"/><sourcefile name="ServerSSRRenderer.kt"><line nr="15" mi="6" ci="0" mb="0" cb="0"/><line nr="23" mi="5" ci="0" mb="0" cb="0"/><line nr="24" mi="5" ci="0" mb="0" cb="0"/><line nr="36" mi="4" ci="0" mb="0" cb="0"/><line nr="37" mi="47" ci="0" mb="2" cb="0"/><line nr="38" mi="2" ci="0" mb="0" cb="0"/><line nr="39" mi="5" ci="0" mb="2" cb="0"/><line nr="40" mi="8" ci="0" mb="0" cb="0"/><line nr="42" mi="2" ci="0" mb="0" cb="0"/><line nr="43" mi="2" ci="0" mb="0" cb="0"/><line nr="56" mi="6" ci="0" mb="0" cb="0"/><line nr="57" mi="2" ci="0" mb="0" cb="0"/><counter type="INSTRUCTION" missed="100" covered="0"/><counter type="BRANCH" missed="4" covered="0"/><counter type="LINE" missed="12" covered="0"/><counter type="COMPLEXITY" missed="6" covered="0"/><counter type="METHOD" missed="4" covered="0"/><counter type="CLASS" missed="1" covered="0"/></sourcefile><sourcefile name="ServerRenderer.kt"/><counter type="INSTRUCTION" missed="100" covered="0"/><counter type="BRANCH" missed="4" covered="0"/><counter type="LINE" missed="12" covered="0"/><counter type="COMPLEXITY" missed="6" covered="0"/><counter type="METHOD" missed="4" covered="0"/><counter type="CLASS" missed="1" covered="0"/></package><package name="elide/annotations"><class name="elide/annotations/Logic" sourcefilename="Logic.kt"/><class name="elide/annotations/Generated" sourcefilename="Generated.kt"/><class name="elide/annotations/Model" sourcefilename="Model.kt"/><class name="elide/annotations/Endpoint" sourcefilename="Endpoint.kt"/><class name="elide/annotations/API" sourcefilename="API.kt"/><sourcefile name="Logic.kt"/><sourcefile name="Endpoint.kt"/><sourcefile name="Generated.kt"/><sourcefile name="Model.kt"/><sourcefile name="API.kt"/></package><package name="elide/runtime"><class name="elide/runtime/Logger" sourcefilename="Logger.kt"/><class name="elide/runtime/LogLevel" sourcefilename="LogLevel.kt"><method name="getJvmLevel" desc="()Lorg/slf4j/event/Level;" line="13"><counter type="INSTRUCTION" missed="17" covered="0"/><counter type="BRANCH" missed="5" covered="0"/><counter type="LINE" missed="7" covered="0"/><counter type="COMPLEXITY" missed="5" covered="0"/><counter type="METHOD" missed="1" covered="0"/></method><method name="isEnabled" desc="(Lorg/slf4j/Logger;)Z" line="22"><counter type="INSTRUCTION" missed="9" covered="16"/><counter type="BRANCH" missed="3" covered="2"/><counter type="LINE" missed="3" covered="4"/><counter type="COMPLEXITY" missed="3" covered="2"/><counter type="METHOD" missed="0" covered="1"/></method><method name="resolve$base" desc="(Lorg/slf4j/Logger;)Lkotlin/jvm/functions/Function1;" line="31"><counter type="INSTRUCTION" missed="18" covered="22"/><counter type="BRANCH" missed="3" covered="2"/><counter type="LINE" missed="3" covered="4"/><counter type="COMPLEXITY" missed="3" covered="2"/><counter type="METHOD" missed="0" covered="1"/></method><method name="&lt;clinit&gt;" desc="()V" line="6"><counter type="INSTRUCTION" missed="0" covered="33"/><counter type="LINE" missed="0" covered="5"/><counter type="COMPLEXITY" missed="0" covered="1"/><counter type="METHOD" missed="0" covered="1"/></method><counter type="INSTRUCTION" missed="44" covered="71"/><counter type="BRANCH" missed="11" covered="4"/><counter type="LINE" missed="13" covered="13"/><counter type="COMPLEXITY" missed="11" covered="5"/><counter type="METHOD" missed="1" covered="3"/><counter type="CLASS" missed="0" covered="1"/></class><class name="elide/runtime/Logging$Companion" sourcefilename="Logging.kt"><method name="of" desc="(Lkotlin/reflect/KClass;)Lelide/runtime/jvm/Logger;" line="14"><counter type="INSTRUCTION" missed="7" covered="10"/><counter type="BRANCH" missed="3" covered="1"/><counter type="LINE" missed="0" covered="3"/><counter type="COMPLEXITY" missed="2" covered="1"/><counter type="METHOD" missed="0" covered="1"/></method><method name="of" desc="(Ljava/lang/Class;)Lelide/runtime/jvm/Logger;" line="19"><counter type="INSTRUCTION" missed="22" covered="0"/><counter type="BRANCH" missed="6" covered="0"/><counter type="LINE" missed="3" covered="0"/><counter type="COMPLEXITY" missed="4" covered="0"/><counter type="METHOD" missed="1" covered="0"/></method><method name="root" desc="()Lelide/runtime/jvm/Logger;" line="24"><counter type="INSTRUCTION" missed="0" covered="4"/><counter type="LINE" missed="0" covered="3"/><counter type="COMPLEXITY" missed="0" covered="1"/><counter type="METHOD" missed="0" covered="1"/></method><method name="named" desc="(Ljava/lang/String;)Lelide/runtime/jvm/Logger;" line="30"><counter type="INSTRUCTION" missed="0" covered="30"/><counter type="BRANCH" missed="1" covered="5"/><counter type="LINE" missed="0" covered="3"/><counter type="COMPLEXITY" missed="1" covered="3"/><counter type="METHOD" missed="0" covered="1"/></method><counter type="INSTRUCTION" missed="29" covered="44"/><counter type="BRANCH" missed="10" covered="6"/><counter type="LINE" missed="3" covered="9"/><counter type="COMPLEXITY" missed="7" covered="5"/><counter type="METHOD" missed="1" covered="3"/><counter type="CLASS" missed="0" covered="1"/></class><class name="elide/runtime/Logging" sourcefilename="Logging.kt"><method name="logger" desc="(Ljava/lang/String;)Lelide/runtime/Logger;" line="46"><counter type="INSTRUCTION" missed="0" covered="13"/><counter type="LINE" missed="0" covered="2"/><counter type="COMPLEXITY" missed="0" covered="1"/><counter type="METHOD" missed="0" covered="1"/></method><method name="logger" desc="()Lelide/runtime/Logger;" line="57"><counter type="INSTRUCTION" missed="0" covered="10"/><counter type="LINE" missed="0" covered="2"/><counter type="COMPLEXITY" missed="0" covered="1"/><counter type="METHOD" missed="0" covered="1"/></method><method name="&lt;clinit&gt;" desc="()V" line="11"><counter type="INSTRUCTION" missed="0" covered="10"/><counter type="LINE" missed="0" covered="1"/><counter type="COMPLEXITY" missed="0" covered="1"/><counter type="METHOD" missed="0" covered="1"/></method><counter type="INSTRUCTION" missed="0" covered="33"/><counter type="LINE" missed="0" covered="5"/><counter type="COMPLEXITY" missed="0" covered="3"/><counter type="METHOD" missed="0" covered="3"/><counter type="CLASS" missed="0" covered="1"/></class><class name="elide/runtime/Logger$DefaultImpls" sourcefilename="Logger.kt"><method name="log$default" desc="(Lelide/runtime/Logger;Lelide/runtime/LogLevel;Ljava/util/List;ZILjava/lang/Object;)V" line="25"><counter type="INSTRUCTION" missed="0" covered="11"/><counter type="LINE" missed="0" covered="2"/><counter type="COMPLEXITY" missed="0" covered="1"/><counter type="METHOD" missed="0" covered="1"/></method><method name="trace" desc="(Lelide/runtime/Logger;[Ljava/lang/Object;)V" line="37"><counter type="INSTRUCTION" missed="0" covered="12"/><counter type="LINE" missed="0" covered="2"/><counter type="COMPLEXITY" missed="0" covered="1"/><counter type="METHOD" missed="0" covered="1"/></method><method name="trace" desc="(Lelide/runtime/Logger;Lkotlin/jvm/functions/Function0;)V" line="49"><counter type="INSTRUCTION" missed="0" covered="15"/><counter type="BRANCH" missed="1" covered="1"/><counter type="LINE" missed="0" covered="3"/><counter type="COMPLEXITY" missed="1" covered="1"/><counter type="METHOD" missed="0" covered="1"/></method><method name="debug" desc="(Lelide/runtime/Logger;[Ljava/lang/Object;)V" line="64"><counter type="INSTRUCTION" missed="12" covered="0"/><counter type="LINE" missed="2" covered="0"/><counter type="COMPLEXITY" missed="1" covered="0"/><counter type="METHOD" missed="1" covered="0"/></method><method name="debug" desc="(Lelide/runtime/Logger;Lkotlin/jvm/functions/Function0;)V" line="76"><counter type="INSTRUCTION" missed="0" covered="15"/><counter type="BRANCH" missed="1" covered="1"/><counter type="LINE" missed="0" covered="3"/><counter type="COMPLEXITY" missed="1" covered="1"/><counter type="METHOD" missed="0" covered="1"/></method><method name="info" desc="(Lelide/runtime/Logger;[Ljava/lang/Object;)V" line="91"><counter type="INSTRUCTION" missed="12" covered="0"/><counter type="LINE" missed="2" covered="0"/><counter type="COMPLEXITY" missed="1" covered="0"/><counter type="METHOD" missed="1" covered="0"/></method><method name="info" desc="(Lelide/runtime/Logger;Lkotlin/jvm/functions/Function0;)V" line="103"><counter type="INSTRUCTION" missed="15" covered="0"/><counter type="BRANCH" missed="2" covered="0"/><counter type="LINE" missed="3" covered="0"/><counter type="COMPLEXITY" missed="2" covered="0"/><counter type="METHOD" missed="1" covered="0"/></method><method name="warn" desc="(Lelide/runtime/Logger;[Ljava/lang/Object;)V" line="118"><counter type="INSTRUCTION" missed="12" covered="0"/><counter type="LINE" missed="2" covered="0"/><counter type="COMPLEXITY" missed="1" covered="0"/><counter type="METHOD" missed="1" covered="0"/></method><method name="warn" desc="(Lelide/runtime/Logger;Lkotlin/jvm/functions/Function0;)V" line="130"><counter type="INSTRUCTION" missed="15" covered="0"/><counter type="BRANCH" missed="2" covered="0"/><counter type="LINE" missed="3" covered="0"/><counter type="COMPLEXITY" missed="2" covered="0"/><counter type="METHOD" missed="1" covered="0"/></method><method name="warning" desc="(Lelide/runtime/Logger;[Ljava/lang/Object;)V" line="147"><counter type="INSTRUCTION" missed="10" covered="0"/><counter type="LINE" missed="2" covered="0"/><counter type="COMPLEXITY" missed="1" covered="0"/><counter type="METHOD" missed="1" covered="0"/></method><method name="warning" desc="(Lelide/runtime/Logger;Lkotlin/jvm/functions/Function0;)V" line="160"><counter type="INSTRUCTION" missed="7" covered="0"/><counter type="LINE" missed="2" covered="0"/><counter type="COMPLEXITY" missed="1" covered="0"/><counter type="METHOD" missed="1" covered="0"/></method><method name="error" desc="(Lelide/runtime/Logger;[Ljava/lang/Object;)V" line="173"><counter type="INSTRUCTION" missed="12" covered="0"/><counter type="LINE" missed="2" covered="0"/><counter type="COMPLEXITY" missed="1" covered="0"/><counter type="METHOD" missed="1" covered="0"/></method><method name="error" desc="(Lelide/runtime/Logger;Lkotlin/jvm/functions/Function0;)V" line="185"><counter type="INSTRUCTION" missed="15" covered="0"/><counter type="BRANCH" missed="2" covered="0"/><counter type="LINE" missed="3" covered="0"/><counter type="COMPLEXITY" missed="2" covered="0"/><counter type="METHOD" missed="1" covered="0"/></method><counter type="INSTRUCTION" missed="110" covered="53"/><counter type="BRANCH" missed="8" covered="2"/><counter type="LINE" missed="21" covered="10"/><counter type="COMPLEXITY" missed="14" covered="4"/><counter type="METHOD" missed="9" covered="4"/><counter type="CLASS" missed="0" covered="1"/></class><sourcefile name="Logging.kt"><line nr="11" mi="0" ci="5" mb="0" cb="0"/><line nr="14" mi="0" ci="2" mb="0" cb="0"/><line nr="15" mi="7" ci="4" mb="3" cb="1"/><line nr="16" mi="0" ci="1" mb="0" cb="0"/><line nr="19" mi="2" ci="0" mb="0" cb="0"/><line nr="20" mi="16" ci="0" mb="6" cb="0"/><line nr="21" mi="1" ci="0" mb="0" cb="0"/><line nr="24" mi="0" ci="2" mb="0" cb="0"/><line nr="25" mi="0" ci="1" mb="0" cb="0"/><line nr="26" mi="0" ci="1" mb="0" cb="0"/><line nr="30" mi="0" ci="13" mb="1" cb="5"/><line nr="31" mi="0" ci="7" mb="0" cb="0"/><line nr="33" mi="0" ci="7" mb="0" cb="0"/><line nr="46" mi="0" ci="5" mb="0" cb="0"/><line nr="47" mi="0" ci="5" mb="0" cb="0"/><line nr="57" mi="0" ci="5" mb="0" cb="0"/><line nr="58" mi="0" ci="5" mb="0" cb="0"/><counter type="INSTRUCTION" missed="29" covered="77"/><counter type="BRANCH" missed="10" covered="6"/><counter type="LINE" missed="3" covered="14"/><counter type="COMPLEXITY" missed="7" covered="8"/><counter type="METHOD" missed="1" covered="6"/><counter type="CLASS" missed="0" covered="2"/></sourcefile><sourcefile name="LogLevel.kt"><line nr="6" mi="0" ci="6" mb="0" cb="0"/><line nr="7" mi="0" ci="6" mb="0" cb="0"/><line nr="8" mi="0" ci="6" mb="0" cb="0"/><line nr="9" mi="0" ci="6" mb="0" cb="0"/><line nr="10" mi="0" ci="9" mb="0" cb="0"/><line nr="13" mi="6" ci="0" mb="5" cb="0"/><line nr="14" mi="2" ci="0" mb="0" cb="0"/><line nr="15" mi="2" ci="0" mb="0" cb="0"/><line nr="16" mi="2" ci="0" mb="0" cb="0"/><line nr="17" mi="2" ci="0" mb="0" cb="0"/><line nr="18" mi="2" ci="0" mb="0" cb="0"/><line nr="19" mi="1" ci="0" mb="0" cb="0"/><line nr="22" mi="0" ci="6" mb="3" cb="2"/><line nr="23" mi="0" ci="3" mb="0" cb="0"/><line nr="24" mi="0" ci="3" mb="0" cb="0"/><line nr="25" mi="3" ci="0" mb="0" cb="0"/><line nr="26" mi="3" ci="0" mb="0" cb="0"/><line nr="27" mi="3" ci="0" mb="0" cb="0"/><line nr="28" mi="0" ci="1" mb="0" cb="0"/><line nr="31" mi="0" ci="6" mb="3" cb="2"/><line nr="32" mi="0" ci="6" mb="0" cb="0"/><line nr="33" mi="0" ci="6" mb="0" cb="0"/><line nr="34" mi="6" ci="0" mb="0" cb="0"/><line nr="35" mi="6" ci="0" mb="0" cb="0"/><line nr="36" mi="6" ci="0" mb="0" cb="0"/><line nr="37" mi="0" ci="1" mb="0" cb="0"/><counter type="INSTRUCTION" missed="44" covered="71"/><counter type="BRANCH" missed="11" covered="4"/><counter type="LINE" missed="13" covered="13"/><counter type="COMPLEXITY" missed="11" covered="5"/><counter type="METHOD" missed="1" covered="3"/><counter type="CLASS" missed="0" covered="1"/></sourcefile><sourcefile name="Logger.kt"><line nr="25" mi="0" ci="9" mb="0" cb="0"/><line nr="28" mi="0" ci="2" mb="0" cb="0"/><line nr="37" mi="0" ci="8" mb="0" cb="0"/><line nr="38" mi="0" ci="1" mb="0" cb="0"/><line nr="49" mi="0" ci="4" mb="1" cb="1"/><line nr="50" mi="0" ci="7" mb="0" cb="0"/><line nr="52" mi="0" ci="1" mb="0" cb="0"/><line nr="64" mi="8" ci="0" mb="0" cb="0"/><line nr="65" mi="1" ci="0" mb="0" cb="0"/><line nr="76" mi="0" ci="4" mb="1" cb="1"/><line nr="77" mi="0" ci="7" mb="0" cb="0"/><line nr="79" mi="0" ci="1" mb="0" cb="0"/><line nr="91" mi="8" ci="0" mb="0" cb="0"/><line nr="92" mi="1" ci="0" mb="0" cb="0"/><line nr="103" mi="4" ci="0" mb="2" cb="0"/><line nr="104" mi="7" ci="0" mb="0" cb="0"/><line nr="106" mi="1" ci="0" mb="0" cb="0"/><line nr="118" mi="8" ci="0" mb="0" cb="0"/><line nr="119" mi="1" ci="0" mb="0" cb="0"/><line nr="130" mi="4" ci="0" mb="2" cb="0"/><line nr="131" mi="7" ci="0" mb="0" cb="0"/><line nr="133" mi="1" ci="0" mb="0" cb="0"/><line nr="147" mi="6" ci="0" mb="0" cb="0"/><line nr="148" mi="1" ci="0" mb="0" cb="0"/><line nr="160" mi="3" ci="0" mb="0" cb="0"/><line nr="161" mi="1" ci="0" mb="0" cb="0"/><line nr="173" mi="8" ci="0" mb="0" cb="0"/><line nr="174" mi="1" ci="0" mb="0" cb="0"/><line nr="185" mi="4" ci="0" mb="2" cb="0"/><line nr="186" mi="7" ci="0" mb="0" cb="0"/><line nr="188" mi="1" ci="0" mb="0" cb="0"/><counter type="INSTRUCTION" missed="110" covered="53"/><counter type="BRANCH" missed="8" covered="2"/><counter type="LINE" missed="21" covered="10"/><counter type="COMPLEXITY" missed="14" covered="4"/><counter type="METHOD" missed="9" covered="4"/><counter type="CLASS" missed="0" covered="1"/></sourcefile><counter type="INSTRUCTION" missed="183" covered="201"/><counter type="BRANCH" missed="29" covered="12"/><counter type="LINE" missed="37" covered="37"/><counter type="COMPLEXITY" missed="32" covered="17"/><counter type="METHOD" missed="11" covered="13"/><counter type="CLASS" missed="0" covered="4"/></package><package name="elide/server"><class name="elide/server/ResponseRenderer" sourcefilename="ResponseExtensions.kt"/><class name="elide/server/PageExtensionsKt" sourcefilename="PageExtensions.kt"><method name="stylesheet" desc="(Lkotlinx/html/HEAD;Ljava/lang/String;Ljava/lang/String;Ljava/util/Map;)V" line="9"><counter type="INSTRUCTION" missed="68" covered="0"/><counter type="BRANCH" missed="10" covered="0"/><counter type="LINE" missed="13" covered="0"/><counter type="COMPLEXITY" missed="6" covered="0"/><counter type="METHOD" missed="1" covered="0"/></method><method name="stylesheet$default" desc="(Lkotlinx/html/HEAD;Ljava/lang/String;Ljava/lang/String;Ljava/util/Map;ILjava/lang/Object;)V" line="9"><counter type="INSTRUCTION" missed="78" covered="0"/><counter type="BRANCH" missed="10" covered="0"/><counter type="LINE" missed="13" covered="0"/><counter type="COMPLEXITY" missed="6" covered="0"/><counter type="METHOD" missed="1" covered="0"/></method><method name="script" desc="(Lkotlinx/html/HEAD;Ljava/lang/String;ZZLjava/lang/String;Ljava/util/Map;)V" line="32"><counter type="INSTRUCTION" missed="60" covered="0"/><counter type="BRANCH" missed="6" covered="0"/><counter type="LINE" missed="13" covered="0"/><counter type="COMPLEXITY" missed="4" covered="0"/><counter type="METHOD" missed="1" covered="0"/></method><method name="script$default" desc="(Lkotlinx/html/HEAD;Ljava/lang/String;ZZLjava/lang/String;Ljava/util/Map;ILjava/lang/Object;)V" line="26"><counter type="INSTRUCTION" missed="80" covered="0"/><counter type="BRANCH" missed="6" covered="0"/><counter type="LINE" missed="18" covered="0"/><counter type="COMPLEXITY" missed="4" covered="0"/><counter type="METHOD" missed="1" covered="0"/></method><method name="script" desc="(Lkotlinx/html/BODY;Ljava/lang/String;ZZLjava/lang/String;Ljava/util/Map;)V" line="55"><counter type="INSTRUCTION" missed="60" covered="0"/><counter type="BRANCH" missed="6" covered="0"/><counter type="LINE" missed="13" covered="0"/><counter type="COMPLEXITY" missed="4" covered="0"/><counter type="METHOD" missed="1" covered="0"/></method><method name="script$default" desc="(Lkotlinx/html/BODY;Ljava/lang/String;ZZLjava/lang/String;Ljava/util/Map;ILjava/lang/Object;)V" line="49"><counter type="INSTRUCTION" missed="80" covered="0"/><counter type="BRANCH" missed="6" covered="0"/><counter type="LINE" missed="18" covered="0"/><counter type="COMPLEXITY" missed="4" covered="0"/><counter type="METHOD" missed="1" covered="0"/></method><counter type="INSTRUCTION" missed="426" covered="0"/><counter type="BRANCH" missed="44" covered="0"/><counter type="LINE" missed="49" covered="0"/><counter type="COMPLEXITY" missed="28" covered="0"/><counter type="METHOD" missed="6" covered="0"/><counter type="CLASS" missed="1" covered="0"/></class><class name="elide/server/HtmlContent" sourcefilename="ResponseExtensions.kt"><method name="&lt;init&gt;" desc="(ZLkotlin/jvm/functions/Function1;)V" line="95"><counter type="INSTRUCTION" missed="12" covered="0"/><counter type="LINE" missed="3" covered="0"/><counter type="COMPLEXITY" missed="1" covered="0"/><counter type="METHOD" missed="1" covered="0"/></method><method name="&lt;init&gt;" desc="(ZLkotlin/jvm/functions/Function1;ILkotlin/jvm/internal/DefaultConstructorMarker;)V" line="95"><counter type="INSTRUCTION" missed="10" covered="0"/><counter type="LINE" missed="3" covered="0"/><counter type="COMPLEXITY" missed="1" covered="0"/><counter type="METHOD" missed="1" covered="0"/></method><method name="render" desc="()Ljava/io/ByteArrayOutputStream;" line="100"><counter type="INSTRUCTION" missed="67" covered="0"/><counter type="BRANCH" missed="2" covered="0"/><counter type="LINE" missed="7" covered="0"/><counter type="COMPLEXITY" missed="2" covered="0"/><counter type="METHOD" missed="1" covered="0"/></method><counter type="INSTRUCTION" missed="89" covered="0"/><counter type="BRANCH" missed="2" covered="0"/><counter type="LINE" missed="11" covered="0"/><counter type="COMPLEXITY" missed="4" covered="0"/><counter type="METHOD" missed="3" covered="0"/><counter type="CLASS" missed="1" covered="0"/></class><class name="elide/server/CssContent" sourcefilename="ResponseExtensions.kt"><method name="&lt;init&gt;" desc="(Lkotlin/jvm/functions/Function1;)V" line="130"><counter type="INSTRUCTION" missed="9" covered="0"/><counter type="LINE" missed="2" covered="0"/><counter type="COMPLEXITY" missed="1" covered="0"/><counter type="METHOD" missed="1" covered="0"/></method><method name="render" desc="()[B" line="134"><counter type="INSTRUCTION" missed="29" covered="0"/><counter type="LINE" missed="2" covered="0"/><counter type="COMPLEXITY" missed="1" covered="0"/><counter type="METHOD" missed="1" covered="0"/></method><counter type="INSTRUCTION" missed="38" covered="0"/><counter type="LINE" missed="4" covered="0"/><counter type="COMPLEXITY" missed="2" covered="0"/><counter type="METHOD" missed="2" covered="0"/><counter type="CLASS" missed="1" covered="0"/></class><class name="elide/server/SSRExtensionsKt$injectSSR$1$1" sourcefilename="SSRExtensions.kt"><method name="invoke" desc="(Lkotlinx/html/Unsafe;)V" line="103"><counter type="INSTRUCTION" missed="15" covered="0"/><counter type="BRANCH" missed="2" covered="0"/><counter type="LINE" missed="4" covered="0"/><counter type="COMPLEXITY" missed="2" covered="0"/><counter type="METHOD" missed="1" covered="0"/></method><counter type="INSTRUCTION" missed="15" covered="0"/><counter type="BRANCH" missed="2" covered="0"/><counter type="LINE" missed="4" covered="0"/><counter type="COMPLEXITY" missed="2" covered="0"/><counter type="METHOD" missed="1" covered="0"/><counter type="CLASS" missed="1" covered="0"/></class><class name="elide/server/SSRContent" sourcefilename="SSRExtensions.kt"><method name="&lt;init&gt;" desc="(ZLkotlin/jvm/functions/Function1;)V" line="143"><counter type="INSTRUCTION" missed="12" covered="0"/><counter type="LINE" missed="3" covered="0"/><counter type="COMPLEXITY" missed="1" covered="0"/><counter type="METHOD" missed="1" covered="0"/></method><method name="&lt;init&gt;" desc="(ZLkotlin/jvm/functions/Function1;ILkotlin/jvm/internal/DefaultConstructorMarker;)V" line="143"><counter type="INSTRUCTION" missed="10" covered="0"/><counter type="LINE" missed="3" covered="0"/><counter type="COMPLEXITY" missed="1" covered="0"/><counter type="METHOD" missed="1" covered="0"/></method><method name="render" desc="()Ljava/io/ByteArrayOutputStream;" line="148"><counter type="INSTRUCTION" missed="67" covered="0"/><counter type="BRANCH" missed="2" covered="0"/><counter type="LINE" missed="7" covered="0"/><counter type="COMPLEXITY" missed="2" covered="0"/><counter type="METHOD" missed="1" covered="0"/></method><counter type="INSTRUCTION" missed="89" covered="0"/><counter type="BRANCH" missed="2" covered="0"/><counter type="LINE" missed="11" covered="0"/><counter type="COMPLEXITY" missed="4" covered="0"/><counter type="METHOD" missed="3" covered="0"/><counter type="CLASS" missed="1" covered="0"/></class><class name="elide/server/SSRExtensionsKt" sourcefilename="SSRExtensions.kt"><method name="ssr" desc="(Ljava/lang/String;Lio/micronaut/http/MutableHttpResponse;Lkotlin/coroutines/Continuation;)Ljava/lang/Object;" line="49"><counter type="INSTRUCTION" missed="39" covered="0"/><counter type="BRANCH" missed="2" covered="0"/><counter type="LINE" missed="11" covered="0"/><counter type="COMPLEXITY" missed="2" covered="0"/><counter type="METHOD" missed="1" covered="0"/></method><method name="ssr$default" desc="(Ljava/lang/String;Lio/micronaut/http/MutableHttpResponse;Lkotlin/coroutines/Continuation;ILjava/lang/Object;)Ljava/lang/Object;" line="45"><counter type="INSTRUCTION" missed="18" covered="0"/><counter type="LINE" missed="3" covered="0"/><counter type="COMPLEXITY" missed="1" covered="0"/><counter type="METHOD" missed="1" covered="0"/></method><method name="injectSSR" desc="(Lkotlinx/html/BODY;Ljava/lang/String;Ljava/util/Set;Ljava/util/List;Ljava/lang/String;)V" line="84"><counter type="INSTRUCTION" missed="90" covered="0"/><counter type="LINE" missed="17" covered="0"/><counter type="COMPLEXITY" missed="1" covered="0"/><counter type="METHOD" missed="1" covered="0"/></method><method name="injectSSR$default" desc="(Lkotlinx/html/BODY;Ljava/lang/String;Ljava/util/Set;Ljava/util/List;Ljava/lang/String;ILjava/lang/Object;)V" line="79"><counter type="INSTRUCTION" missed="27" covered="0"/><counter type="LINE" missed="5" covered="0"/><counter type="COMPLEXITY" missed="1" covered="0"/><counter type="METHOD" missed="1" covered="0"/></method><method name="ssr" desc="(Ljava/lang/String;Lio/micronaut/http/MutableHttpResponse;Lkotlin/jvm/functions/Function1;)Lio/micronaut/http/MutableHttpResponse;" line="131"><counter type="INSTRUCTION" missed="38" covered="0"/><counter type="BRANCH" missed="2" covered="0"/><counter type="LINE" missed="6" covered="0"/><counter type="COMPLEXITY" missed="2" covered="0"/><counter type="METHOD" missed="1" covered="0"/></method><method name="ssr$default" desc="(Ljava/lang/String;Lio/micronaut/http/MutableHttpResponse;Lkotlin/jvm/functions/Function1;ILjava/lang/Object;)Lio/micronaut/http/MutableHttpResponse;" line="126"><counter type="INSTRUCTION" missed="18" covered="0"/><counter type="LINE" missed="3" covered="0"/><counter type="COMPLEXITY" missed="1" covered="0"/><counter type="METHOD" missed="1" covered="0"/></method><counter type="INSTRUCTION" missed="230" covered="0"/><counter type="BRANCH" missed="4" covered="0"/><counter type="LINE" missed="45" covered="0"/><counter type="COMPLEXITY" missed="8" covered="0"/><counter type="METHOD" missed="6" covered="0"/><counter type="CLASS" missed="1" covered="0"/></class><class name="elide/server/ResponseExtensionsKt" sourcefilename="ResponseExtensions.kt"><method name="staticFile" desc="(Ljava/lang/String;Ljava/lang/String;)Lio/micronaut/http/HttpResponse;" line="38"><counter type="INSTRUCTION" missed="29" covered="0"/><counter type="BRANCH" missed="2" covered="0"/><counter type="LINE" missed="8" covered="0"/><counter type="COMPLEXITY" missed="2" covered="0"/><counter type="METHOD" missed="1" covered="0"/></method><method name="asset" desc="(Ljava/lang/String;Ljava/lang/String;Lio/micronaut/http/MediaType;)Lio/micronaut/http/HttpResponse;" line="61"><counter type="INSTRUCTION" missed="43" covered="0"/><counter type="BRANCH" missed="8" covered="0"/><counter type="LINE" missed="12" covered="0"/><counter type="COMPLEXITY" missed="5" covered="0"/><counter type="METHOD" missed="1" covered="0"/></method><method name="html" desc="(Lkotlin/jvm/functions/Function1;)Lio/micronaut/http/HttpResponse;" line="87"><counter type="INSTRUCTION" missed="22" covered="0"/><counter type="LINE" missed="4" covered="0"/><counter type="COMPLEXITY" missed="1" covered="0"/><counter type="METHOD" missed="1" covered="0"/></method><method name="css" desc="(Lkotlin/jvm/functions/Function1;)Lio/micronaut/http/HttpResponse;" line="120"><counter type="INSTRUCTION" missed="19" covered="0"/><counter type="LINE" missed="6" covered="0"/><counter type="COMPLEXITY" missed="1" covered="0"/><counter type="METHOD" missed="1" covered="0"/></method><counter type="INSTRUCTION" missed="113" covered="0"/><counter type="BRANCH" missed="10" covered="0"/><counter type="LINE" missed="30" covered="0"/><counter type="COMPLEXITY" missed="9" covered="0"/><counter type="METHOD" missed="4" covered="0"/><counter type="CLASS" missed="1" covered="0"/></class><class name="elide/server/SuspensionRenderer" sourcefilename="ResponseExtensions.kt"/><sourcefile name="PageExtensions.kt"><line nr="9" mi="28" ci="0" mb="0" cb="0"/><line nr="10" mi="2" ci="0" mb="0" cb="0"/><line nr="11" mi="28" ci="0" mb="0" cb="0"/><line nr="12" mi="4" ci="0" mb="0" cb="0"/><line nr="13" mi="4" ci="0" mb="0" cb="0"/><line nr="14" mi="4" ci="0" mb="0" cb="0"/><line nr="15" mi="2" ci="0" mb="0" cb="0"/><line nr="16" mi="10" ci="0" mb="4" cb="0"/><line nr="18" mi="4" ci="0" mb="0" cb="0"/><line nr="19" mi="6" ci="0" mb="0" cb="0"/><line nr="20" mi="36" ci="0" mb="16" cb="0"/><line nr="21" mi="6" ci="0" mb="0" cb="0"/><line nr="23" mi="4" ci="0" mb="0" cb="0"/><line nr="26" mi="23" ci="0" mb="0" cb="0"/><line nr="28" mi="2" ci="0" mb="0" cb="0"/><line nr="29" mi="2" ci="0" mb="0" cb="0"/><line nr="30" mi="2" ci="0" mb="0" cb="0"/><line nr="31" mi="2" ci="0" mb="0" cb="0"/><line nr="32" mi="10" ci="0" mb="0" cb="0"/><line nr="33" mi="2" ci="0" mb="0" cb="0"/><line nr="34" mi="28" ci="0" mb="0" cb="0"/><line nr="35" mi="4" ci="0" mb="0" cb="0"/><line nr="36" mi="4" ci="0" mb="0" cb="0"/><line nr="37" mi="4" ci="0" mb="0" cb="0"/><line nr="38" mi="2" ci="0" mb="0" cb="0"/><line nr="39" mi="10" ci="0" mb="4" cb="0"/><line nr="41" mi="4" ci="0" mb="0" cb="0"/><line nr="42" mi="6" ci="0" mb="0" cb="0"/><line nr="43" mi="10" ci="0" mb="4" cb="0"/><line nr="44" mi="10" ci="0" mb="4" cb="0"/><line nr="45" mi="4" ci="0" mb="0" cb="0"/><line nr="49" mi="23" ci="0" mb="0" cb="0"/><line nr="51" mi="2" ci="0" mb="0" cb="0"/><line nr="52" mi="2" ci="0" mb="0" cb="0"/><line nr="53" mi="2" ci="0" mb="0" cb="0"/><line nr="54" mi="2" ci="0" mb="0" cb="0"/><line nr="55" mi="10" ci="0" mb="0" cb="0"/><line nr="56" mi="2" ci="0" mb="0" cb="0"/><line nr="57" mi="28" ci="0" mb="0" cb="0"/><line nr="58" mi="4" ci="0" mb="0" cb="0"/><line nr="59" mi="4" ci="0" mb="0" cb="0"/><line nr="60" mi="4" ci="0" mb="0" cb="0"/><line nr="61" mi="2" ci="0" mb="0" cb="0"/><line nr="62" mi="10" ci="0" mb="4" cb="0"/><line nr="64" mi="4" ci="0" mb="0" cb="0"/><line nr="65" mi="6" ci="0" mb="0" cb="0"/><line nr="66" mi="10" ci="0" mb="4" cb="0"/><line nr="67" mi="10" ci="0" mb="4" cb="0"/><line nr="68" mi="4" ci="0" mb="0" cb="0"/><counter type="INSTRUCTION" missed="426" covered="0"/><counter type="BRANCH" missed="44" covered="0"/><counter type="LINE" missed="49" covered="0"/><counter type="COMPLEXITY" missed="28" covered="0"/><counter type="METHOD" missed="6" covered="0"/><counter type="CLASS" missed="1" covered="0"/></sourcefile><sourcefile name="ResponseExtensions.kt"><line nr="38" mi="4" ci="0" mb="0" cb="0"/><line nr="39" mi="8" ci="0" mb="2" cb="0"/><line nr="40" mi="1" ci="0" mb="0" cb="0"/><line nr="41" mi="1" ci="0" mb="0" cb="0"/><line nr="42" mi="1" ci="0" mb="0" cb="0"/><line nr="43" mi="2" ci="0" mb="0" cb="0"/><line nr="45" mi="4" ci="0" mb="0" cb="0"/><line nr="46" mi="1" ci="0" mb="0" cb="0"/><line nr="61" mi="17" ci="0" mb="6" cb="0"/><line nr="62" mi="1" ci="0" mb="0" cb="0"/><line nr="63" mi="4" ci="0" mb="0" cb="0"/><line nr="64" mi="5" ci="0" mb="0" cb="0"/><line nr="65" mi="2" ci="0" mb="2" cb="0"/><line nr="66" mi="2" ci="0" mb="0" cb="0"/><line nr="68" mi="1" ci="0" mb="0" cb="0"/><line nr="69" mi="1" ci="0" mb="0" cb="0"/><line nr="70" mi="1" ci="0" mb="0" cb="0"/><line nr="71" mi="1" ci="0" mb="0" cb="0"/><line nr="72" mi="1" ci="0" mb="0" cb="0"/><line nr="73" mi="1" ci="0" mb="0" cb="0"/><line nr="87" mi="2" ci="0" mb="0" cb="0"/><line nr="88" mi="8" ci="0" mb="0" cb="0"/><line nr="89" mi="7" ci="0" mb="0" cb="0"/><line nr="90" mi="2" ci="0" mb="0" cb="0"/><line nr="95" mi="10" ci="0" mb="0" cb="0"/><line nr="96" mi="5" ci="0" mb="0" cb="0"/><line nr="97" mi="3" ci="0" mb="0" cb="0"/><line nr="100" mi="4" ci="0" mb="0" cb="0"/><line nr="101" mi="47" ci="0" mb="2" cb="0"/><line nr="102" mi="7" ci="0" mb="0" cb="0"/><line nr="103" mi="2" ci="0" mb="0" cb="0"/><line nr="104" mi="2" ci="0" mb="0" cb="0"/><line nr="105" mi="3" ci="0" mb="0" cb="0"/><line nr="108" mi="2" ci="0" mb="0" cb="0"/><line nr="110" mi="1" ci="0" mb="0" cb="0"/><line nr="120" mi="2" ci="0" mb="0" cb="0"/><line nr="121" mi="5" ci="0" mb="0" cb="0"/><line nr="122" mi="1" ci="0" mb="0" cb="0"/><line nr="123" mi="1" ci="0" mb="0" cb="0"/><line nr="124" mi="5" ci="0" mb="0" cb="0"/><line nr="125" mi="2" ci="0" mb="0" cb="0"/><line nr="130" mi="3" ci="0" mb="0" cb="0"/><line nr="131" mi="3" ci="0" mb="0" cb="0"/><line nr="134" mi="24" ci="0" mb="0" cb="0"/><line nr="135" mi="5" ci="0" mb="0" cb="0"/><counter type="INSTRUCTION" missed="240" covered="0"/><counter type="BRANCH" missed="12" covered="0"/><counter type="LINE" missed="45" covered="0"/><counter type="COMPLEXITY" missed="15" covered="0"/><counter type="METHOD" missed="9" covered="0"/><counter type="CLASS" missed="3" covered="0"/></sourcefile><sourcefile name="SSRExtensions.kt"><line nr="45" mi="11" ci="0" mb="0" cb="0"/><line nr="46" mi="2" ci="0" mb="0" cb="0"/><line nr="47" mi="5" ci="0" mb="0" cb="0"/><line nr="49" mi="9" ci="0" mb="2" cb="0"/><line nr="50" mi="1" ci="0" mb="0" cb="0"/><line nr="51" mi="3" ci="0" mb="0" cb="0"/><line nr="52" mi="13" ci="0" mb="0" cb="0"/><line nr="53" mi="2" ci="0" mb="0" cb="0"/><line nr="55" mi="2" ci="0" mb="0" cb="0"/><line nr="56" mi="1" ci="0" mb="0" cb="0"/><line nr="57" mi="1" ci="0" mb="0" cb="0"/><line nr="58" mi="1" ci="0" mb="0" cb="0"/><line nr="59" mi="1" ci="0" mb="0" cb="0"/><line nr="60" mi="5" ci="0" mb="0" cb="0"/><line nr="79" mi="19" ci="0" mb="0" cb="0"/><line nr="80" mi="2" ci="0" mb="0" cb="0"/><line nr="81" mi="2" ci="0" mb="0" cb="0"/><line nr="82" mi="2" ci="0" mb="0" cb="0"/><line nr="83" mi="2" ci="0" mb="0" cb="0"/><line nr="84" mi="5" ci="0" mb="0" cb="0"/><line nr="85" mi="1" ci="0" mb="0" cb="0"/><line nr="86" mi="18" ci="0" mb="0" cb="0"/><line nr="87" mi="2" ci="0" mb="0" cb="0"/><line nr="88" mi="2" ci="0" mb="0" cb="0"/><line nr="89" mi="13" ci="0" mb="0" cb="0"/><line nr="90" mi="2" ci="0" mb="0" cb="0"/><line nr="91" mi="2" ci="0" mb="0" cb="0"/><line nr="92" mi="1" ci="0" mb="0" cb="0"/><line nr="93" mi="2" ci="0" mb="0" cb="0"/><line nr="95" mi="2" ci="0" mb="0" cb="0"/><line nr="96" mi="3" ci="0" mb="0" cb="0"/><line nr="98" mi="9" ci="0" mb="0" cb="0"/><line nr="99" mi="2" ci="0" mb="0" cb="0"/><line nr="100" mi="1" ci="0" mb="0" cb="0"/><line nr="102" mi="8" ci="0" mb="0" cb="0"/><line nr="103" mi="3" ci="0" mb="2" cb="0"/><line nr="104" mi="5" ci="0" mb="0" cb="0"/><line nr="106" mi="3" ci="0" mb="0" cb="0"/><line nr="108" mi="1" ci="0" mb="0" cb="0"/><line nr="109" mi="2" ci="0" mb="0" cb="0"/><line nr="126" mi="11" ci="0" mb="0" cb="0"/><line nr="127" mi="2" ci="0" mb="0" cb="0"/><line nr="128" mi="5" ci="0" mb="0" cb="0"/><line nr="131" mi="9" ci="0" mb="2" cb="0"/><line nr="132" mi="1" ci="0" mb="0" cb="0"/><line nr="134" mi="3" ci="0" mb="0" cb="0"/><line nr="135" mi="8" ci="0" mb="0" cb="0"/><line nr="136" mi="6" ci="0" mb="0" cb="0"/><line nr="137" mi="2" ci="0" mb="0" cb="0"/><line nr="143" mi="10" ci="0" mb="0" cb="0"/><line nr="144" mi="5" ci="0" mb="0" cb="0"/><line nr="145" mi="3" ci="0" mb="0" cb="0"/><line nr="148" mi="4" ci="0" mb="0" cb="0"/><line nr="149" mi="47" ci="0" mb="2" cb="0"/><line nr="150" mi="7" ci="0" mb="0" cb="0"/><line nr="151" mi="2" ci="0" mb="0" cb="0"/><line nr="152" mi="2" ci="0" mb="0" cb="0"/><line nr="153" mi="3" ci="0" mb="0" cb="0"/><line nr="156" mi="2" ci="0" mb="0" cb="0"/><line nr="158" mi="1" ci="0" mb="0" cb="0"/><counter type="INSTRUCTION" missed="334" covered="0"/><counter type="BRANCH" missed="8" covered="0"/><counter type="LINE" missed="60" covered="0"/><counter type="COMPLEXITY" missed="14" covered="0"/><counter type="METHOD" missed="10" covered="0"/><counter type="CLASS" missed="3" covered="0"/></sourcefile><counter type="INSTRUCTION" missed="1000" covered="0"/><counter type="BRANCH" missed="64" covered="0"/><counter type="LINE" missed="154" covered="0"/><counter type="COMPLEXITY" missed="57" covered="0"/><counter type="METHOD" missed="25" covered="0"/><counter type="CLASS" missed="7" covered="0"/></package><package name="elide/runtime/graalvm"><class name="elide/runtime/graalvm/JsRuntime" sourcefilename="JsRuntime.kt"><method name="&lt;init&gt;" desc="()V" line="16"><counter type="INSTRUCTION" missed="0" covered="8"/><counter type="LINE" missed="0" covered="2"/><counter type="COMPLEXITY" missed="0" covered="1"/><counter type="METHOD" missed="0" covered="1"/></method><method name="evalExecuteScript$graalvm" desc="(Lorg/graalvm/polyglot/Context;Lelide/runtime/graalvm/JsRuntime$ExecutableScript;Ljava/lang/Class;[Ljava/lang/Object;)Ljava/lang/Object;" line="227"><counter type="INSTRUCTION" missed="140" covered="0"/><counter type="BRANCH" missed="16" covered="0"/><counter type="LINE" missed="33" covered="0"/><counter type="COMPLEXITY" missed="9" covered="0"/><counter type="METHOD" missed="1" covered="0"/></method><method name="execute" desc="(Lelide/runtime/graalvm/JsRuntime$ExecutableScript;Ljava/lang/Class;[Ljava/lang/Object;)Ljava/lang/Object;" line="293"><counter type="INSTRUCTION" missed="44" covered="0"/><counter type="LINE" missed="7" covered="0"/><counter type="COMPLEXITY" missed="1" covered="0"/><counter type="METHOD" missed="1" covered="0"/></method><method name="&lt;clinit&gt;" desc="()V" line="19"><counter type="INSTRUCTION" missed="0" covered="10"/><counter type="LINE" missed="0" covered="1"/><counter type="COMPLEXITY" missed="0" covered="1"/><counter type="METHOD" missed="0" covered="1"/></method><counter type="INSTRUCTION" missed="184" covered="18"/><counter type="BRANCH" missed="16" covered="0"/><counter type="LINE" missed="40" covered="3"/><counter type="COMPLEXITY" missed="10" covered="2"/><counter type="METHOD" missed="2" covered="2"/><counter type="CLASS" missed="0" covered="1"/></class><class name="elide/runtime/graalvm/JsRuntime$ScriptRuntime" sourcefilename="JsRuntime.kt"><method name="&lt;init&gt;" desc="()V" line="48"><counter type="INSTRUCTION" missed="0" covered="3"/><counter type="LINE" missed="0" covered="1"/><counter type="COMPLEXITY" missed="0" covered="1"/><counter type="METHOD" missed="0" covered="1"/></method><method name="prepare$graalvm" desc="(Lelide/runtime/graalvm/JsRuntime$ExecutableScript;)Lelide/runtime/graalvm/JsRuntime$ExecutableScript;" line="126"><counter type="INSTRUCTION" missed="35" covered="0"/><counter type="BRANCH" missed="4" covered="0"/><counter type="LINE" missed="13" covered="0"/><counter type="COMPLEXITY" missed="3" covered="0"/><counter type="METHOD" missed="1" covered="0"/></method><method name="&lt;clinit&gt;" desc="()V" line="52"><counter type="INSTRUCTION" missed="0" covered="31"/><counter type="LINE" missed="0" covered="6"/><counter type="COMPLEXITY" missed="0" covered="1"/><counter type="METHOD" missed="0" covered="1"/></method><counter type="INSTRUCTION" missed="35" covered="34"/><counter type="BRANCH" missed="4" covered="0"/><counter type="LINE" missed="13" covered="7"/><counter type="COMPLEXITY" missed="3" covered="2"/><counter type="METHOD" missed="1" covered="2"/><counter type="CLASS" missed="0" covered="1"/></class><class name="elide/runtime/graalvm/JsRuntimeConfig$JsRuntimeArtifact$$serializer" sourcefilename="JsRuntimeConfig.kt"><method name="childSerializers" desc="()[Lkotlinx/serialization/KSerializer;" line="21"><counter type="INSTRUCTION" missed="10" covered="0"/><counter type="LINE" missed="1" covered="0"/><counter type="COMPLEXITY" missed="1" covered="0"/><counter type="METHOD" missed="1" covered="0"/></method><method name="deserialize" desc="(Lkotlinx/serialization/encoding/Decoder;)Lelide/runtime/graalvm/JsRuntimeConfig$JsRuntimeArtifact;" line="21"><counter type="INSTRUCTION" missed="15" covered="50"/><counter type="BRANCH" missed="2" covered="5"/><counter type="LINE" missed="0" covered="1"/><counter type="COMPLEXITY" missed="2" covered="3"/><counter type="METHOD" missed="0" covered="1"/></method><method name="serialize" desc="(Lkotlinx/serialization/encoding/Encoder;Lelide/runtime/graalvm/JsRuntimeConfig$JsRuntimeArtifact;)V" line="21"><counter type="INSTRUCTION" missed="21" covered="0"/><counter type="LINE" missed="1" covered="0"/><counter type="COMPLEXITY" missed="1" covered="0"/><counter type="METHOD" missed="1" covered="0"/></method><method name="&lt;clinit&gt;" desc="()V" line="21"><counter type="INSTRUCTION" missed="0" covered="20"/><counter type="LINE" missed="0" covered="2"/><counter type="COMPLEXITY" missed="0" covered="1"/><counter type="METHOD" missed="0" covered="1"/></method><counter type="INSTRUCTION" missed="46" covered="70"/><counter type="BRANCH" missed="2" covered="5"/><counter type="LINE" missed="0" covered="2"/><counter type="COMPLEXITY" missed="4" covered="4"/><counter type="METHOD" missed="2" covered="2"/><counter type="CLASS" missed="0" covered="1"/></class><class name="elide/runtime/graalvm/JsRuntime$LiteralScript" sourcefilename="JsRuntime.kt"><method name="&lt;init&gt;" desc="(Ljava/lang/String;Ljava/lang/String;)V" line="204"><counter type="INSTRUCTION" missed="21" covered="0"/><counter type="LINE" missed="4" covered="0"/><counter type="COMPLEXITY" missed="1" covered="0"/><counter type="METHOD" missed="1" covered="0"/></method><method name="getId" desc="()Ljava/lang/String;" line="209"><counter type="INSTRUCTION" missed="3" covered="0"/><counter type="LINE" missed="1" covered="0"/><counter type="COMPLEXITY" missed="1" covered="0"/><counter type="METHOD" missed="1" covered="0"/></method><method name="load" desc="()Ljava/lang/String;" line="213"><counter type="INSTRUCTION" missed="3" covered="0"/><counter type="LINE" missed="1" covered="0"/><counter type="COMPLEXITY" missed="1" covered="0"/><counter type="METHOD" missed="1" covered="0"/></method><counter type="INSTRUCTION" missed="27" covered="0"/><counter type="LINE" missed="6" covered="0"/><counter type="COMPLEXITY" missed="3" covered="0"/><counter type="METHOD" missed="3" covered="0"/><counter type="CLASS" missed="1" covered="0"/></class><class name="elide/runtime/graalvm/JsRuntime$Script" sourcefilename="JsRuntime.kt"><method name="embedded" desc="(Ljava/lang/String;Ljava/nio/charset/Charset;)Lelide/runtime/graalvm/JsRuntime$EmbeddedScript;" line="38"><counter type="INSTRUCTION" missed="0" covered="16"/><counter type="LINE" missed="0" covered="4"/><counter type="COMPLEXITY" missed="0" covered="1"/><counter type="METHOD" missed="0" covered="1"/></method><method name="embedded$default" desc="(Ljava/lang/String;Ljava/nio/charset/Charset;ILjava/lang/Object;)Lelide/runtime/graalvm/JsRuntime$EmbeddedScript;" line="38"><counter type="INSTRUCTION" missed="0" covered="12"/><counter type="LINE" missed="0" covered="1"/><counter type="COMPLEXITY" missed="0" covered="1"/><counter type="METHOD" missed="0" covered="1"/></method><method name="literal" desc="(Ljava/lang/String;Ljava/lang/String;)Lelide/runtime/graalvm/JsRuntime$ExecutableScript;" line="44"><counter type="INSTRUCTION" missed="13" covered="0"/><counter type="LINE" missed="1" covered="0"/><counter type="COMPLEXITY" missed="1" covered="0"/><counter type="METHOD" missed="1" covered="0"/></method><counter type="INSTRUCTION" missed="13" covered="28"/><counter type="LINE" missed="1" covered="4"/><counter type="COMPLEXITY" missed="1" covered="2"/><counter type="METHOD" missed="1" covered="2"/><counter type="CLASS" missed="0" covered="1"/></class><class name="elide/runtime/graalvm/JsRuntimeConfig$$serializer" sourcefilename="JsRuntimeConfig.kt"><method name="childSerializers" desc="()[Lkotlinx/serialization/KSerializer;" line="12"><counter type="INSTRUCTION" missed="19" covered="0"/><counter type="LINE" missed="1" covered="0"/><counter type="COMPLEXITY" missed="1" covered="0"/><counter type="METHOD" missed="1" covered="0"/></method><method name="deserialize" desc="(Lkotlinx/serialization/encoding/Decoder;)Lelide/runtime/graalvm/JsRuntimeConfig;" line="12"><counter type="INSTRUCTION" missed="31" covered="71"/><counter type="BRANCH" missed="2" covered="6"/><counter type="LINE" missed="0" covered="1"/><counter type="COMPLEXITY" missed="2" covered="4"/><counter type="METHOD" missed="0" covered="1"/></method><method name="serialize" desc="(Lkotlinx/serialization/encoding/Encoder;Lelide/runtime/graalvm/JsRuntimeConfig;)V" line="12"><counter type="INSTRUCTION" missed="21" covered="0"/><counter type="LINE" missed="1" covered="0"/><counter type="COMPLEXITY" missed="1" covered="0"/><counter type="METHOD" missed="1" covered="0"/></method><method name="&lt;clinit&gt;" desc="()V" line="12"><counter type="INSTRUCTION" missed="0" covered="24"/><counter type="LINE" missed="0" covered="2"/><counter type="COMPLEXITY" missed="0" covered="1"/><counter type="METHOD" missed="0" covered="1"/></method><counter type="INSTRUCTION" missed="71" covered="95"/><counter type="BRANCH" missed="2" covered="6"/><counter type="LINE" missed="0" covered="2"/><counter type="COMPLEXITY" missed="4" covered="5"/><counter type="METHOD" missed="2" covered="2"/><counter type="CLASS" missed="0" covered="1"/></class><class name="elide/runtime/graalvm/JsRuntimeConfig" sourcefilename="JsRuntimeConfig.kt"><method name="&lt;init&gt;" desc="(Ljava/lang/String;Ljava/util/List;)V" line="12"><counter type="INSTRUCTION" missed="15" covered="0"/><counter type="LINE" missed="3" covered="0"/><counter type="COMPLEXITY" missed="1" covered="0"/><counter type="METHOD" missed="1" covered="0"/></method><method name="getEntry" desc="()Ljava/lang/String;" line="13"><counter type="INSTRUCTION" missed="0" covered="3"/><counter type="LINE" missed="0" covered="1"/><counter type="COMPLEXITY" missed="0" covered="1"/><counter type="METHOD" missed="0" covered="1"/></method><method name="getArtifacts" desc="()Ljava/util/List;" line="14"><counter type="INSTRUCTION" missed="0" covered="3"/><counter type="LINE" missed="0" covered="1"/><counter type="COMPLEXITY" missed="0" covered="1"/><counter type="METHOD" missed="0" covered="1"/></method><method name="write$Self" desc="(Lelide/runtime/graalvm/JsRuntimeConfig;Lkotlinx/serialization/encoding/CompositeEncoder;Lkotlinx/serialization/descriptors/SerialDescriptor;)V" line="12"><counter type="INSTRUCTION" missed="28" covered="0"/><counter type="LINE" missed="1" covered="0"/><counter type="COMPLEXITY" missed="1" covered="0"/><counter type="METHOD" missed="1" covered="0"/></method><counter type="INSTRUCTION" missed="43" covered="6"/><counter type="LINE" missed="1" covered="2"/><counter type="COMPLEXITY" missed="2" covered="2"/><counter type="METHOD" missed="2" covered="2"/><counter type="CLASS" missed="0" covered="1"/></class><class name="elide/runtime/graalvm/JsRuntime$Companion" sourcefilename="JsRuntime.kt"><method name="acquire" desc="()Lelide/runtime/graalvm/JsRuntime;" line="22"><counter type="INSTRUCTION" missed="0" covered="2"/><counter type="LINE" missed="0" covered="1"/><counter type="COMPLEXITY" missed="0" covered="1"/><counter type="METHOD" missed="0" covered="1"/></method><method name="initializeContext" desc="()Lorg/graalvm/polyglot/Context;" line="26"><counter type="INSTRUCTION" missed="22" covered="0"/><counter type="LINE" missed="6" covered="0"/><counter type="COMPLEXITY" missed="1" covered="0"/><counter type="METHOD" missed="1" covered="0"/></method><counter type="INSTRUCTION" missed="22" covered="2"/><counter type="LINE" missed="6" covered="1"/><counter type="COMPLEXITY" missed="1" covered="1"/><counter type="METHOD" missed="1" covered="1"/><counter type="CLASS" missed="0" covered="1"/></class><class name="elide/runtime/graalvm/JsRuntimeConfig$Companion" sourcefilename="JsRuntimeConfig.kt"><method name="serializer" desc="()Lkotlinx/serialization/KSerializer;" line="12"><counter type="INSTRUCTION" missed="0" covered="3"/><counter type="LINE" missed="0" covered="1"/><counter type="COMPLEXITY" missed="0" covered="1"/><counter type="METHOD" missed="0" covered="1"/></method><counter type="INSTRUCTION" missed="0" covered="3"/><counter type="LINE" missed="0" covered="1"/><counter type="COMPLEXITY" missed="0" covered="1"/><counter type="METHOD" missed="0" covered="1"/><counter type="CLASS" missed="0" covered="1"/></class><class name="elide/runtime/graalvm/JsRuntimeConfig$JsRuntimeArtifact" sourcefilename="JsRuntimeConfig.kt"><method name="&lt;init&gt;" desc="(Ljava/lang/String;)V" line="21"><counter type="INSTRUCTION" missed="9" covered="0"/><counter type="LINE" missed="2" covered="0"/><counter type="COMPLEXITY" missed="1" covered="0"/><counter type="METHOD" missed="1" covered="0"/></method><method name="getName" desc="()Ljava/lang/String;" line="22"><counter type="INSTRUCTION" missed="0" covered="3"/><counter type="LINE" missed="0" covered="1"/><counter type="COMPLEXITY" missed="0" covered="1"/><counter type="METHOD" missed="0" covered="1"/></method><method name="write$Self" desc="(Lelide/runtime/graalvm/JsRuntimeConfig$JsRuntimeArtifact;Lkotlinx/serialization/encoding/CompositeEncoder;Lkotlinx/serialization/descriptors/SerialDescriptor;)V" line="21"><counter type="INSTRUCTION" missed="16" covered="0"/><counter type="LINE" missed="1" covered="0"/><counter type="COMPLEXITY" missed="1" covered="0"/><counter type="METHOD" missed="1" covered="0"/></method><counter type="INSTRUCTION" missed="25" covered="3"/><counter type="LINE" missed="1" covered="1"/><counter type="COMPLEXITY" missed="2" covered="1"/><counter type="METHOD" missed="2" covered="1"/><counter type="CLASS" missed="0" covered="1"/></class><class name="elide/runtime/graalvm/JsRuntime$ExecutableScript" sourcefilename="JsRuntime.kt"><method name="&lt;init&gt;" desc="(ZZLjava/lang/String;Ljava/lang/String;)V" line="149"><counter type="INSTRUCTION" missed="0" covered="15"/><counter type="LINE" missed="0" covered="5"/><counter type="COMPLEXITY" missed="0" covered="1"/><counter type="METHOD" missed="0" covered="1"/></method><method name="&lt;init&gt;" desc="(ZZLjava/lang/String;Ljava/lang/String;ILkotlin/jvm/internal/DefaultConstructorMarker;)V" line="149"><counter type="INSTRUCTION" missed="4" covered="24"/><counter type="LINE" missed="2" covered="4"/><counter type="COMPLEXITY" missed="0" covered="1"/><counter type="METHOD" missed="0" covered="1"/></method><method name="getInstallShims$graalvm" desc="()Z" line="150"><counter type="INSTRUCTION" missed="3" covered="0"/><counter type="LINE" missed="1" covered="0"/><counter type="COMPLEXITY" missed="1" covered="0"/><counter type="METHOD" missed="1" covered="0"/></method><method name="getInstallEntry$graalvm" desc="()Z" line="151"><counter type="INSTRUCTION" missed="3" covered="0"/><counter type="LINE" missed="1" covered="0"/><counter type="COMPLEXITY" missed="1" covered="0"/><counter type="METHOD" missed="1" covered="0"/></method><method name="getInvocationBase" desc="()Ljava/lang/String;" line="152"><counter type="INSTRUCTION" missed="3" covered="0"/><counter type="LINE" missed="1" covered="0"/><counter type="COMPLEXITY" missed="1" covered="0"/><counter type="METHOD" missed="1" covered="0"/></method><method name="getInvocationTarget" desc="()Ljava/lang/String;" line="153"><counter type="INSTRUCTION" missed="3" covered="0"/><counter type="LINE" missed="1" covered="0"/><counter type="COMPLEXITY" missed="1" covered="0"/><counter type="METHOD" missed="1" covered="0"/></method><method name="assignRendered$graalvm" desc="(Ljava/lang/StringBuilder;)V" line="165"><counter type="INSTRUCTION" missed="7" covered="0"/><counter type="LINE" missed="2" covered="0"/><counter type="COMPLEXITY" missed="1" covered="0"/><counter type="METHOD" missed="1" covered="0"/></method><method name="render$graalvm" desc="()Lorg/graalvm/polyglot/Source;" line="169"><counter type="INSTRUCTION" missed="22" covered="0"/><counter type="BRANCH" missed="4" covered="0"/><counter type="LINE" missed="5" covered="0"/><counter type="COMPLEXITY" missed="3" covered="0"/><counter type="METHOD" missed="1" covered="0"/></method><counter type="INSTRUCTION" missed="45" covered="39"/><counter type="BRANCH" missed="4" covered="0"/><counter type="LINE" missed="7" covered="6"/><counter type="COMPLEXITY" missed="8" covered="2"/><counter type="METHOD" missed="6" covered="2"/><counter type="CLASS" missed="0" covered="1"/></class><class name="elide/runtime/graalvm/JsRuntime$ScriptRuntime$Companion" sourcefilename="JsRuntime.kt"><method name="loadArtifact" desc="(Ljava/lang/String;)Ljava/lang/String;" line="68"><counter type="INSTRUCTION" missed="14" covered="51"/><counter type="BRANCH" missed="2" covered="2"/><counter type="LINE" missed="1" covered="4"/><counter type="COMPLEXITY" missed="2" covered="1"/><counter type="METHOD" missed="0" covered="1"/></method><method name="initialize" desc="()Lkotlin/Pair;" line="78"><counter type="INSTRUCTION" missed="19" covered="124"/><counter type="BRANCH" missed="5" covered="5"/><counter type="LINE" missed="4" covered="18"/><counter type="COMPLEXITY" missed="5" covered="1"/><counter type="METHOD" missed="0" covered="1"/></method><counter type="INSTRUCTION" missed="33" covered="175"/><counter type="BRANCH" missed="7" covered="7"/><counter type="LINE" missed="5" covered="22"/><counter type="COMPLEXITY" missed="7" covered="2"/><counter type="METHOD" missed="0" covered="2"/><counter type="CLASS" missed="0" covered="1"/></class><class name="elide/runtime/graalvm/JsRuntime$EmbeddedScript" sourcefilename="JsRuntime.kt"><method name="&lt;init&gt;" desc="(Ljava/lang/String;Ljava/nio/charset/Charset;Ljava/lang/String;Ljava/lang/String;)V" line="180"><counter type="INSTRUCTION" missed="0" covered="21"/><counter type="LINE" missed="0" covered="6"/><counter type="COMPLEXITY" missed="0" covered="1"/><counter type="METHOD" missed="0" covered="1"/></method><method name="&lt;init&gt;" desc="(Ljava/lang/String;Ljava/nio/charset/Charset;Ljava/lang/String;Ljava/lang/String;ILkotlin/jvm/internal/DefaultConstructorMarker;)V" line="180"><counter type="INSTRUCTION" missed="5" covered="20"/><counter type="LINE" missed="1" covered="4"/><counter type="COMPLEXITY" missed="0" covered="1"/><counter type="METHOD" missed="0" covered="1"/></method><method name="getPath" desc="()Ljava/lang/String;" line="181"><counter type="INSTRUCTION" missed="3" covered="0"/><counter type="LINE" missed="1" covered="0"/><counter type="COMPLEXITY" missed="1" covered="0"/><counter type="METHOD" missed="1" covered="0"/></method><method name="getId" desc="()Ljava/lang/String;" line="190"><counter type="INSTRUCTION" missed="3" covered="0"/><counter type="LINE" missed="1" covered="0"/><counter type="COMPLEXITY" missed="1" covered="0"/><counter type="METHOD" missed="1" covered="0"/></method><method name="load" desc="()Ljava/lang/String;" line="194"><counter type="INSTRUCTION" missed="15" covered="48"/><counter type="BRANCH" missed="2" covered="2"/><counter type="LINE" missed="1" covered="3"/><counter type="COMPLEXITY" missed="2" covered="1"/><counter type="METHOD" missed="0" covered="1"/></method><counter type="INSTRUCTION" missed="26" covered="89"/><counter type="BRANCH" missed="2" covered="2"/><counter type="LINE" missed="2" covered="12"/><counter type="COMPLEXITY" missed="4" covered="3"/><counter type="METHOD" missed="2" covered="3"/><counter type="CLASS" missed="0" covered="1"/></class><class name="elide/runtime/graalvm/JsRuntimeConfig$JsRuntimeArtifact$Companion" sourcefilename="JsRuntimeConfig.kt"><method name="serializer" desc="()Lkotlinx/serialization/KSerializer;" line="21"><counter type="INSTRUCTION" missed="3" covered="0"/><counter type="LINE" missed="1" covered="0"/><counter type="COMPLEXITY" missed="1" covered="0"/><counter type="METHOD" missed="1" covered="0"/></method><counter type="INSTRUCTION" missed="3" covered="0"/><counter type="LINE" missed="1" covered="0"/><counter type="COMPLEXITY" missed="1" covered="0"/><counter type="METHOD" missed="1" covered="0"/><counter type="CLASS" missed="1" covered="0"/></class><sourcefile name="JsRuntime.kt"><line nr="16" mi="0" ci="3" mb="0" cb="0"/><line nr="19" mi="0" ci="5" mb="0" cb="0"/><line nr="22" mi="0" ci="2" mb="0" cb="0"/><line nr="26" mi="1" ci="0" mb="0" cb="0"/><line nr="27" mi="9" ci="0" mb="0" cb="0"/><line nr="28" mi="2" ci="0" mb="0" cb="0"/><line nr="29" mi="3" ci="0" mb="0" cb="0"/><line nr="30" mi="3" ci="0" mb="0" cb="0"/><line nr="31" mi="4" ci="0" mb="0" cb="0"/><line nr="38" mi="0" ci="19" mb="0" cb="0"/><line nr="39" mi="0" ci="1" mb="0" cb="0"/><line nr="40" mi="0" ci="1" mb="0" cb="0"/><line nr="41" mi="0" ci="1" mb="0" cb="0"/><line nr="44" mi="7" ci="0" mb="0" cb="0"/><line nr="48" mi="0" ci="3" mb="0" cb="0"/><line nr="52" mi="0" ci="5" mb="0" cb="0"/><line nr="60" mi="0" ci="1" mb="0" cb="0"/><line nr="61" mi="0" ci="11" mb="0" cb="0"/><line nr="62" mi="0" ci="4" mb="0" cb="0"/><line nr="63" mi="0" ci="4" mb="0" cb="0"/><line nr="64" mi="0" ci="1" mb="0" cb="0"/><line nr="68" mi="0" ci="1" mb="0" cb="0"/><line nr="69" mi="0" ci="8" mb="1" cb="1"/><line nr="70" mi="6" ci="0" mb="0" cb="0"/><line nr="71" mi="8" ci="38" mb="1" cb="1"/><line nr="72" mi="0" ci="3" mb="0" cb="0"/><line nr="78" mi="0" ci="3" mb="1" cb="1"/><line nr="79" mi="0" ci="4" mb="0" cb="0"/><line nr="80" mi="0" ci="1" mb="0" cb="0"/><line nr="81" mi="0" ci="1" mb="0" cb="0"/><line nr="85" mi="0" ci="6" mb="1" cb="1"/><line nr="86" mi="0" ci="1" mb="0" cb="0"/><line nr="87" mi="4" ci="0" mb="0" cb="0"/><line nr="88" mi="1" ci="0" mb="0" cb="0"/><line nr="93" mi="8" ci="39" mb="1" cb="1"/><line nr="96" mi="0" ci="4" mb="0" cb="0"/><line nr="97" mi="0" ci="3" mb="0" cb="0"/><line nr="98" mi="0" ci="1" mb="0" cb="0"/><line nr="102" mi="0" ci="4" mb="0" cb="0"/><line nr="103" mi="0" ci="6" mb="0" cb="0"/><line nr="104" mi="0" ci="20" mb="0" cb="0"/><line nr="108" mi="0" ci="4" mb="0" cb="0"/><line nr="109" mi="1" ci="8" mb="2" cb="2"/><line nr="110" mi="0" ci="15" mb="0" cb="0"/><line nr="113" mi="0" ci="1" mb="0" cb="0"/><line nr="114" mi="0" ci="3" mb="0" cb="0"/><line nr="117" mi="4" ci="0" mb="0" cb="0"/><line nr="118" mi="1" ci="0" mb="0" cb="0"/><line nr="126" mi="3" ci="0" mb="0" cb="0"/><line nr="127" mi="4" ci="0" mb="0" cb="0"/><line nr="128" mi="3" ci="0" mb="2" cb="0"/><line nr="129" mi="3" ci="0" mb="0" cb="0"/><line nr="130" mi="2" ci="0" mb="0" cb="0"/><line nr="133" mi="3" ci="0" mb="0" cb="0"/><line nr="134" mi="1" ci="0" mb="0" cb="0"/><line nr="136" mi="3" ci="0" mb="2" cb="0"/><line nr="137" mi="3" ci="0" mb="0" cb="0"/><line nr="138" mi="2" ci="0" mb="0" cb="0"/><line nr="141" mi="2" ci="0" mb="0" cb="0"/><line nr="142" mi="1" ci="0" mb="0" cb="0"/><line nr="144" mi="2" ci="0" mb="0" cb="0"/><line nr="149" mi="0" ci="22" mb="0" cb="0"/><line nr="150" mi="3" ci="5" mb="0" cb="0"/><line nr="151" mi="3" ci="5" mb="0" cb="0"/><line nr="152" mi="5" ci="3" mb="0" cb="0"/><line nr="153" mi="5" ci="3" mb="0" cb="0"/><line nr="165" mi="3" ci="0" mb="0" cb="0"/><line nr="166" mi="1" ci="0" mb="0" cb="0"/><line nr="169" mi="13" ci="0" mb="4" cb="0"/><line nr="170" mi="1" ci="0" mb="0" cb="0"/><line nr="172" mi="5" ci="0" mb="0" cb="0"/><line nr="173" mi="1" ci="0" mb="0" cb="0"/><line nr="174" mi="2" ci="0" mb="0" cb="0"/><line nr="177" mi="0" ci="1" mb="0" cb="0"/><line nr="180" mi="0" ci="16" mb="0" cb="0"/><line nr="181" mi="3" ci="3" mb="0" cb="0"/><line nr="182" mi="5" ci="3" mb="0" cb="0"/><line nr="183" mi="0" ci="2" mb="0" cb="0"/><line nr="184" mi="0" ci="2" mb="0" cb="0"/><line nr="185" mi="0" ci="6" mb="0" cb="0"/><line nr="186" mi="0" ci="1" mb="0" cb="0"/><line nr="187" mi="0" ci="1" mb="0" cb="0"/><line nr="190" mi="3" ci="0" mb="0" cb="0"/><line nr="194" mi="0" ci="12" mb="1" cb="1"/><line nr="195" mi="7" ci="0" mb="0" cb="0"/><line nr="197" mi="8" ci="33" mb="1" cb="1"/><line nr="198" mi="0" ci="3" mb="0" cb="0"/><line nr="201" mi="0" ci="1" mb="0" cb="0"/><line nr="204" mi="1" ci="0" mb="0" cb="0"/><line nr="205" mi="3" ci="0" mb="0" cb="0"/><line nr="206" mi="3" ci="0" mb="0" cb="0"/><line nr="207" mi="8" ci="0" mb="0" cb="0"/><line nr="209" mi="3" ci="0" mb="0" cb="0"/><line nr="213" mi="3" ci="0" mb="0" cb="0"/><line nr="218" mi="0" ci="5" mb="0" cb="0"/><line nr="227" mi="7" ci="0" mb="2" cb="0"/><line nr="228" mi="5" ci="0" mb="0" cb="0"/><line nr="229" mi="4" ci="0" mb="0" cb="0"/><line nr="230" mi="3" ci="0" mb="0" cb="0"/><line nr="233" mi="3" ci="0" mb="0" cb="0"/><line nr="234" mi="3" ci="0" mb="0" cb="0"/><line nr="235" mi="3" ci="0" mb="2" cb="0"/><line nr="236" mi="4" ci="0" mb="0" cb="0"/><line nr="237" mi="3" ci="0" mb="2" cb="0"/><line nr="238" mi="19" ci="0" mb="0" cb="0"/><line nr="239" mi="7" ci="0" mb="2" cb="0"/><line nr="240" mi="1" ci="0" mb="0" cb="0"/><line nr="241" mi="4" ci="0" mb="0" cb="0"/><line nr="242" mi="3" ci="0" mb="0" cb="0"/><line nr="244" mi="2" ci="0" mb="0" cb="0"/><line nr="245" mi="2" ci="0" mb="0" cb="0"/><line nr="247" mi="1" ci="0" mb="0" cb="0"/><line nr="251" mi="7" ci="0" mb="2" cb="0"/><line nr="252" mi="2" ci="0" mb="0" cb="0"/><line nr="253" mi="4" ci="0" mb="0" cb="0"/><line nr="254" mi="5" ci="0" mb="0" cb="0"/><line nr="257" mi="3" ci="0" mb="2" cb="0"/><line nr="258" mi="4" ci="0" mb="0" cb="0"/><line nr="259" mi="4" ci="0" mb="0" cb="0"/><line nr="262" mi="2" ci="0" mb="0" cb="0"/><line nr="266" mi="1" ci="0" mb="0" cb="0"/><line nr="271" mi="4" ci="0" mb="2" cb="0"/><line nr="272" mi="4" ci="0" mb="0" cb="0"/><line nr="273" mi="4" ci="0" mb="0" cb="0"/><line nr="274" mi="6" ci="0" mb="2" cb="0"/><line nr="275" mi="1" ci="0" mb="0" cb="0"/><line nr="278" mi="2" ci="0" mb="0" cb="0"/><line nr="279" mi="1" ci="0" mb="0" cb="0"/><line nr="293" mi="3" ci="0" mb="0" cb="0"/><line nr="294" mi="23" ci="0" mb="0" cb="0"/><line nr="295" mi="2" ci="0" mb="0" cb="0"/><line nr="296" mi="1" ci="0" mb="0" cb="0"/><line nr="297" mi="1" ci="0" mb="0" cb="0"/><line nr="298" mi="1" ci="0" mb="0" cb="0"/><line nr="299" mi="4" ci="0" mb="0" cb="0"/><counter type="INSTRUCTION" missed="385" covered="385"/><counter type="BRANCH" missed="33" covered="9"/><counter type="LINE" missed="80" covered="55"/><counter type="COMPLEXITY" missed="37" covered="14"/><counter type="METHOD" missed="16" covered="14"/><counter type="CLASS" missed="1" covered="7"/></sourcefile><sourcefile name="JsRuntimeConfig.kt"><line nr="12" mi="87" ci="90" mb="2" cb="6"/><line nr="13" mi="3" ci="3" mb="0" cb="0"/><line nr="14" mi="3" ci="3" mb="0" cb="0"/><line nr="21" mi="53" ci="62" mb="2" cb="5"/><line nr="22" mi="3" ci="3" mb="0" cb="0"/><line nr="23" mi="0" ci="1" mb="0" cb="0"/><line nr="24" mi="0" ci="1" mb="0" cb="0"/><counter type="INSTRUCTION" missed="188" covered="177"/><counter type="BRANCH" missed="4" covered="11"/><counter type="LINE" missed="0" covered="7"/><counter type="COMPLEXITY" missed="13" covered="13"/><counter type="METHOD" missed="9" covered="8"/><counter type="CLASS" missed="1" covered="5"/></sourcefile><counter type="INSTRUCTION" missed="573" covered="562"/><counter type="BRANCH" missed="37" covered="20"/><counter type="LINE" missed="80" covered="62"/><counter type="COMPLEXITY" missed="50" covered="27"/><counter type="METHOD" missed="25" covered="22"/><counter type="CLASS" missed="2" covered="12"/></package><package name="elide/server/rpc"><class name="elide/server/rpc/ServiceHealthManager" sourcefilename="ServiceHealthManager.kt"><method name="&lt;init&gt;" desc="()V" line="19"><counter type="INSTRUCTION" missed="0" covered="20"/><counter type="LINE" missed="0" covered="5"/><counter type="COMPLEXITY" missed="0" covered="1"/><counter type="METHOD" missed="0" covered="1"/></method><method name="getCurrentStatus$jvm" desc="()Ljava/util/Map;" line="25"><counter type="INSTRUCTION" missed="3" covered="0"/><counter type="LINE" missed="1" covered="0"/><counter type="COMPLEXITY" missed="1" covered="0"/><counter type="METHOD" missed="1" covered="0"/></method><method name="getTerminalState$jvm" desc="()Ljava/util/concurrent/atomic/AtomicBoolean;" line="28"><counter type="INSTRUCTION" missed="3" covered="0"/><counter type="LINE" missed="1" covered="0"/><counter type="COMPLEXITY" missed="1" covered="0"/><counter type="METHOD" missed="1" covered="0"/></method><method name="getService" desc="()Lio/grpc/BindableService;" line="31"><counter type="INSTRUCTION" missed="0" covered="7"/><counter type="LINE" missed="0" covered="1"/><counter type="COMPLEXITY" missed="0" covered="1"/><counter type="METHOD" missed="0" covered="1"/></method><method name="notify" desc="(Ljava/lang/String;Lio/grpc/health/v1/HealthCheckResponse$ServingStatus;)V" line="48"><counter type="INSTRUCTION" missed="15" covered="20"/><counter type="BRANCH" missed="2" covered="2"/><counter type="LINE" missed="4" covered="7"/><counter type="COMPLEXITY" missed="2" covered="1"/><counter type="METHOD" missed="0" covered="1"/></method><method name="notifyPending" desc="(Lio/grpc/ServiceDescriptor;)V" line="73"><counter type="INSTRUCTION" missed="0" covered="12"/><counter type="LINE" missed="0" covered="4"/><counter type="COMPLEXITY" missed="0" covered="1"/><counter type="METHOD" missed="0" covered="1"/></method><method name="notifyServing" desc="(Lio/grpc/ServiceDescriptor;)V" line="87"><counter type="INSTRUCTION" missed="0" covered="12"/><counter type="LINE" missed="0" covered="4"/><counter type="COMPLEXITY" missed="0" covered="1"/><counter type="METHOD" missed="0" covered="1"/></method><method name="notifyNotServing" desc="(Lio/grpc/ServiceDescriptor;)V" line="101"><counter type="INSTRUCTION" missed="12" covered="0"/><counter type="LINE" missed="4" covered="0"/><counter type="COMPLEXITY" missed="1" covered="0"/><counter type="METHOD" missed="1" covered="0"/></method><method name="notifyUnknown" desc="(Lio/grpc/ServiceDescriptor;)V" line="115"><counter type="INSTRUCTION" missed="12" covered="0"/><counter type="LINE" missed="4" covered="0"/><counter type="COMPLEXITY" missed="1" covered="0"/><counter type="METHOD" missed="1" covered="0"/></method><method name="currentStatus" desc="(Ljava/lang/String;)Lio/grpc/health/v1/HealthCheckResponse$ServingStatus;" line="128"><counter type="INSTRUCTION" missed="19" covered="0"/><counter type="BRANCH" missed="4" covered="0"/><counter type="LINE" missed="3" covered="0"/><counter type="COMPLEXITY" missed="3" covered="0"/><counter type="METHOD" missed="1" covered="0"/></method><method name="currentStatus" desc="(Lio/grpc/ServiceDescriptor;)Lio/grpc/health/v1/HealthCheckResponse$ServingStatus;" line="142"><counter type="INSTRUCTION" missed="11" covered="0"/><counter type="LINE" missed="1" covered="0"/><counter type="COMPLEXITY" missed="1" covered="0"/><counter type="METHOD" missed="1" covered="0"/></method><method name="terminalShutdown" desc="()V" line="151"><counter type="INSTRUCTION" missed="14" covered="0"/><counter type="BRANCH" missed="2" covered="0"/><counter type="LINE" missed="4" covered="0"/><counter type="COMPLEXITY" missed="2" covered="0"/><counter type="METHOD" missed="1" covered="0"/></method><counter type="INSTRUCTION" missed="89" covered="71"/><counter type="BRANCH" missed="8" covered="2"/><counter type="LINE" missed="20" covered="21"/><counter type="COMPLEXITY" missed="12" covered="5"/><counter type="METHOD" missed="7" covered="5"/><counter type="CLASS" missed="0" covered="1"/></class><class name="elide/server/rpc/RpcRuntime$prepInProcessServer$1" sourcefilename="RpcRuntime.kt"><method name="invoke" desc="()Ljava/lang/String;" line="106"><counter type="INSTRUCTION" missed="0" covered="4"/><counter type="LINE" missed="0" covered="1"/><counter type="COMPLEXITY" missed="0" covered="1"/><counter type="METHOD" missed="0" covered="1"/></method><counter type="INSTRUCTION" missed="0" covered="4"/><counter type="LINE" missed="0" covered="1"/><counter type="COMPLEXITY" missed="0" covered="1"/><counter type="METHOD" missed="0" covered="1"/><counter type="CLASS" missed="0" covered="1"/></class><class name="elide/server/rpc/RpcRuntime" sourcefilename="RpcRuntime.kt"><method name="&lt;init&gt;" desc="(Lelide/server/rpc/ServiceHealthManager;)V" line="32"><counter type="INSTRUCTION" missed="0" covered="46"/><counter type="LINE" missed="0" covered="8"/><counter type="COMPLEXITY" missed="0" covered="1"/><counter type="METHOD" missed="0" covered="1"/></method><method name="notifyReady$jvm" desc="()V" line="64"><counter type="INSTRUCTION" missed="0" covered="7"/><counter type="LINE" missed="0" covered="2"/><counter type="COMPLEXITY" missed="0" covered="1"/><counter type="METHOD" missed="0" covered="1"/></method><method name="configureServer$jvm" desc="(Lio/grpc/ServerBuilder;Z)Lio/grpc/ServerBuilder;" line="70"><counter type="INSTRUCTION" missed="0" covered="34"/><counter type="BRANCH" missed="0" covered="2"/><counter type="LINE" missed="0" covered="10"/><counter type="COMPLEXITY" missed="0" covered="2"/><counter type="METHOD" missed="0" covered="1"/></method><method name="configureServer$jvm$default" desc="(Lelide/server/rpc/RpcRuntime;Lio/grpc/ServerBuilder;ZILjava/lang/Object;)Lio/grpc/ServerBuilder;" line="68"><counter type="INSTRUCTION" missed="0" covered="10"/><counter type="LINE" missed="0" covered="1"/><counter type="COMPLEXITY" missed="0" covered="1"/><counter type="METHOD" missed="0" covered="1"/></method><method name="inProcessChannel$jvm" desc="()Lio/grpc/ManagedChannel;" line="92"><counter type="INSTRUCTION" missed="4" covered="5"/><counter type="BRANCH" missed="1" covered="1"/><counter type="LINE" missed="0" covered="1"/><counter type="COMPLEXITY" missed="1" covered="1"/><counter type="METHOD" missed="0" covered="1"/></method><method name="prepareStub$jvm" desc="(Lio/grpc/stub/AbstractStub;Ljava/util/List;)Lio/grpc/stub/AbstractStub;" line="97"><counter type="INSTRUCTION" missed="0" covered="24"/><counter type="LINE" missed="0" covered="2"/><counter type="COMPLEXITY" missed="0" covered="1"/><counter type="METHOD" missed="0" covered="1"/></method><method name="prepInProcessServer" desc="()V" line="104"><counter type="INSTRUCTION" missed="0" covered="65"/><counter type="LINE" missed="0" covered="19"/><counter type="COMPLEXITY" missed="0" covered="1"/><counter type="METHOD" missed="0" covered="1"/></method><method name="registerServices$jvm" desc="(Ljava/util/List;)V" line="142"><counter type="INSTRUCTION" missed="0" covered="45"/><counter type="LINE" missed="0" covered="6"/><counter type="COMPLEXITY" missed="0" covered="1"/><counter type="METHOD" missed="0" covered="1"/></method><method name="resolveService" desc="(Ljava/lang/String;)Lio/grpc/ServerServiceDefinition;" line="157"><counter type="INSTRUCTION" missed="0" covered="9"/><counter type="LINE" missed="0" covered="1"/><counter type="COMPLEXITY" missed="0" covered="1"/><counter type="METHOD" missed="0" covered="1"/></method><counter type="INSTRUCTION" missed="4" covered="245"/><counter type="BRANCH" missed="1" covered="3"/><counter type="LINE" missed="0" covered="50"/><counter type="COMPLEXITY" missed="1" covered="10"/><counter type="METHOD" missed="0" covered="9"/><counter type="CLASS" missed="0" covered="1"/></class><class name="elide/server/rpc/GrpcConfigurator" sourcefilename="GrpcConfigurator.kt"><method name="&lt;init&gt;" desc="(Lelide/server/rpc/RpcRuntime;Lelide/server/rpc/ServiceHealthManager;)V" line="18"><counter type="INSTRUCTION" missed="0" covered="24"/><counter type="LINE" missed="0" covered="7"/><counter type="COMPLEXITY" missed="0" covered="1"/><counter type="METHOD" missed="0" covered="1"/></method><method name="onCreated" desc="(Lio/micronaut/context/event/BeanCreatedEvent;)Lio/grpc/ServerBuilder;" line="31"><counter type="INSTRUCTION" missed="0" covered="39"/><counter type="LINE" missed="0" covered="8"/><counter type="COMPLEXITY" missed="0" covered="1"/><counter type="METHOD" missed="0" covered="1"/></method><counter type="INSTRUCTION" missed="0" covered="63"/><counter type="LINE" missed="0" covered="15"/><counter type="COMPLEXITY" missed="0" covered="2"/><counter type="METHOD" missed="0" covered="2"/><counter type="CLASS" missed="0" covered="1"/></class><sourcefile name="RpcRuntime.kt"><line nr="32" mi="0" ci="3" mb="0" cb="0"/><line nr="33" mi="0" ci="3" mb="0" cb="0"/><line nr="36" mi="0" ci="7" mb="0" cb="0"/><line nr="39" mi="0" ci="6" mb="0" cb="0"/><line nr="42" mi="0" ci="6" mb="0" cb="0"/><line nr="45" mi="0" ci="6" mb="0" cb="0"/><line nr="48" mi="0" ci="6" mb="0" cb="0"/><line nr="51" mi="0" ci="6" mb="0" cb="0"/><line nr="64" mi="0" ci="6" mb="0" cb="0"/><line nr="65" mi="0" ci="1" mb="0" cb="0"/><line nr="68" mi="0" ci="10" mb="0" cb="0"/><line nr="70" mi="0" ci="2" mb="0" cb="2"/><line nr="71" mi="0" ci="5" mb="0" cb="0"/><line nr="72" mi="0" ci="5" mb="0" cb="0"/><line nr="76" mi="0" ci="3" mb="0" cb="0"/><line nr="77" mi="0" ci="1" mb="0" cb="0"/><line nr="79" mi="0" ci="3" mb="0" cb="0"/><line nr="80" mi="0" ci="4" mb="0" cb="0"/><line nr="84" mi="0" ci="3" mb="0" cb="0"/><line nr="85" mi="0" ci="3" mb="0" cb="0"/><line nr="87" mi="0" ci="2" mb="0" cb="0"/><line nr="92" mi="4" ci="5" mb="1" cb="1"/><line nr="97" mi="0" ci="6" mb="0" cb="0"/><line nr="98" mi="0" ci="12" mb="0" cb="0"/><line nr="104" mi="0" ci="2" mb="0" cb="0"/><line nr="105" mi="0" ci="8" mb="0" cb="0"/><line nr="106" mi="0" ci="4" mb="0" cb="0"/><line nr="109" mi="0" ci="3" mb="0" cb="0"/><line nr="110" mi="0" ci="6" mb="0" cb="0"/><line nr="111" mi="0" ci="1" mb="0" cb="0"/><line nr="113" mi="0" ci="9" mb="0" cb="0"/><line nr="114" mi="0" ci="4" mb="0" cb="0"/><line nr="115" mi="0" ci="2" mb="0" cb="0"/><line nr="118" mi="0" ci="3" mb="0" cb="0"/><line nr="119" mi="0" ci="6" mb="0" cb="0"/><line nr="120" mi="0" ci="3" mb="0" cb="0"/><line nr="121" mi="0" ci="3" mb="0" cb="0"/><line nr="124" mi="0" ci="3" mb="0" cb="0"/><line nr="125" mi="0" ci="1" mb="0" cb="0"/><line nr="126" mi="0" ci="4" mb="0" cb="0"/><line nr="128" mi="0" ci="4" mb="0" cb="0"/><line nr="129" mi="0" ci="1" mb="0" cb="0"/><line nr="130" mi="0" ci="1" mb="0" cb="0"/><line nr="132" mi="0" ci="1" mb="0" cb="0"/><line nr="142" mi="0" ci="5" mb="0" cb="0"/><line nr="143" mi="0" ci="14" mb="0" cb="0"/><line nr="144" mi="0" ci="14" mb="0" cb="0"/><line nr="145" mi="0" ci="6" mb="0" cb="0"/><line nr="146" mi="0" ci="2" mb="0" cb="0"/><line nr="147" mi="0" ci="1" mb="0" cb="0"/><line nr="157" mi="0" ci="6" mb="0" cb="0"/><counter type="INSTRUCTION" missed="4" covered="249"/><counter type="BRANCH" missed="1" covered="3"/><counter type="LINE" missed="0" covered="51"/><counter type="COMPLEXITY" missed="1" covered="11"/><counter type="METHOD" missed="0" covered="10"/><counter type="CLASS" missed="0" covered="2"/></sourcefile><sourcefile name="GrpcConfigurator.kt"><line nr="18" mi="0" ci="2" mb="0" cb="0"/><line nr="19" mi="0" ci="1" mb="0" cb="0"/><line nr="20" mi="0" ci="3" mb="0" cb="0"/><line nr="21" mi="0" ci="3" mb="0" cb="0"/><line nr="23" mi="0" ci="1" mb="0" cb="0"/><line nr="25" mi="0" ci="7" mb="0" cb="0"/><line nr="26" mi="0" ci="1" mb="0" cb="0"/><line nr="31" mi="0" ci="7" mb="0" cb="0"/><line nr="32" mi="0" ci="6" mb="0" cb="0"/><line nr="37" mi="0" ci="3" mb="0" cb="0"/><line nr="38" mi="0" ci="8" mb="0" cb="0"/><line nr="40" mi="0" ci="3" mb="0" cb="0"/><line nr="41" mi="0" ci="4" mb="0" cb="0"/><line nr="43" mi="0" ci="3" mb="0" cb="0"/><line nr="46" mi="0" ci="2" mb="0" cb="0"/><counter type="INSTRUCTION" missed="0" covered="63"/><counter type="LINE" missed="0" covered="15"/><counter type="COMPLEXITY" missed="0" covered="2"/><counter type="METHOD" missed="0" covered="2"/><counter type="CLASS" missed="0" covered="1"/></sourcefile><sourcefile name="ServiceHealthManager.kt"><line nr="19" mi="0" ci="2" mb="0" cb="0"/><line nr="20" mi="0" ci="1" mb="0" cb="0"/><line nr="22" mi="0" ci="5" mb="0" cb="0"/><line nr="25" mi="3" ci="6" mb="0" cb="0"/><line nr="28" mi="3" ci="6" mb="0" cb="0"/><line nr="31" mi="0" ci="7" mb="0" cb="0"/><line nr="48" mi="0" ci="2" mb="1" cb="1"/><line nr="49" mi="5" ci="0" mb="0" cb="0"/><line nr="50" mi="4" ci="0" mb="0" cb="0"/><line nr="51" mi="1" ci="0" mb="0" cb="0"/><line nr="54" mi="4" ci="3" mb="1" cb="1"/><line nr="55" mi="1" ci="0" mb="0" cb="0"/><line nr="57" mi="0" ci="6" mb="0" cb="0"/><line nr="58" mi="0" ci="3" mb="0" cb="0"/><line nr="59" mi="0" ci="1" mb="0" cb="0"/><line nr="60" mi="0" ci="1" mb="0" cb="0"/><line nr="63" mi="0" ci="1" mb="0" cb="0"/><line nr="73" mi="0" ci="2" mb="0" cb="0"/><line nr="74" mi="0" ci="5" mb="0" cb="0"/><line nr="75" mi="0" ci="1" mb="0" cb="0"/><line nr="77" mi="0" ci="1" mb="0" cb="0"/><line nr="87" mi="0" ci="2" mb="0" cb="0"/><line nr="88" mi="0" ci="5" mb="0" cb="0"/><line nr="89" mi="0" ci="1" mb="0" cb="0"/><line nr="91" mi="0" ci="1" mb="0" cb="0"/><line nr="101" mi="2" ci="0" mb="0" cb="0"/><line nr="102" mi="5" ci="0" mb="0" cb="0"/><line nr="103" mi="1" ci="0" mb="0" cb="0"/><line nr="105" mi="1" ci="0" mb="0" cb="0"/><line nr="115" mi="2" ci="0" mb="0" cb="0"/><line nr="116" mi="5" ci="0" mb="0" cb="0"/><line nr="117" mi="1" ci="0" mb="0" cb="0"/><line nr="119" mi="1" ci="0" mb="0" cb="0"/><line nr="128" mi="4" ci="0" mb="2" cb="0"/><line nr="129" mi="2" ci="0" mb="0" cb="0"/><line nr="131" mi="10" ci="0" mb="2" cb="0"/><line nr="142" mi="8" ci="0" mb="0" cb="0"/><line nr="151" mi="4" ci="0" mb="2" cb="0"/><line nr="152" mi="6" ci="0" mb="0" cb="0"/><line nr="153" mi="3" ci="0" mb="0" cb="0"/><line nr="155" mi="1" ci="0" mb="0" cb="0"/><counter type="INSTRUCTION" missed="89" covered="71"/><counter type="BRANCH" missed="8" covered="2"/><counter type="LINE" missed="20" covered="21"/><counter type="COMPLEXITY" missed="12" covered="5"/><counter type="METHOD" missed="7" covered="5"/><counter type="CLASS" missed="0" covered="1"/></sourcefile><counter type="INSTRUCTION" missed="93" covered="383"/><counter type="BRANCH" missed="9" covered="5"/><counter type="LINE" missed="20" covered="87"/><counter type="COMPLEXITY" missed="13" covered="18"/><counter type="METHOD" missed="7" covered="17"/><counter type="CLASS" missed="0" covered="4"/></package><package name="elide/runtime/jvm"><class name="elide/runtime/jvm/Logger" sourcefilename="Logger.kt"><method name="&lt;init&gt;" desc="(Lorg/slf4j/Logger;)V" line="7"><counter type="INSTRUCTION" missed="0" covered="9"/><counter type="LINE" missed="0" covered="1"/><counter type="COMPLEXITY" missed="0" covered="1"/><counter type="METHOD" missed="0" covered="1"/></method><method name="formatLogLine" desc="(Ljava/util/List;)Ljava/lang/String;" line="10"><counter type="INSTRUCTION" missed="0" covered="21"/><counter type="LINE" missed="0" covered="5"/><counter type="COMPLEXITY" missed="0" covered="1"/><counter type="METHOD" missed="0" covered="1"/></method><method name="isEnabled" desc="(Lelide/runtime/LogLevel;)Z" line="18"><counter type="INSTRUCTION" missed="0" covered="8"/><counter type="LINE" missed="0" covered="1"/><counter type="COMPLEXITY" missed="0" covered="1"/><counter type="METHOD" missed="0" covered="1"/></method><method name="log" desc="(Lelide/runtime/LogLevel;Ljava/util/List;Z)V" line="22"><counter type="INSTRUCTION" missed="1" covered="27"/><counter type="BRANCH" missed="2" covered="4"/><counter type="LINE" missed="0" covered="5"/><counter type="COMPLEXITY" missed="2" covered="2"/><counter type="METHOD" missed="0" covered="1"/></method><method name="trace" desc="([Ljava/lang/Object;)V" line="7"><counter type="INSTRUCTION" missed="0" covered="4"/><counter type="LINE" missed="0" covered="1"/><counter type="COMPLEXITY" missed="0" covered="1"/><counter type="METHOD" missed="0" covered="1"/></meth
[...]
" ci="1" mb="0" cb="0"/><line nr="209" mi="0" ci="1" mb="0" cb="0"/><line nr="210" mi="0" ci="1" mb="0" cb="0"/><line nr="211" mi="0" ci="1" mb="0" cb="0"/><line nr="212" mi="0" ci="1" mb="0" cb="0"/><line nr="216" mi="0" ci="5" mb="0" cb="0"/><line nr="217" mi="0" ci="4" mb="0" cb="0"/><line nr="218" mi="0" ci="1" mb="0" cb="0"/><line nr="221" mi="0" ci="4" mb="0" cb="0"/><line nr="222" mi="0" ci="1" mb="0" cb="0"/><line nr="223" mi="0" ci="2" mb="0" cb="0"/><line nr="255" mi="0" ci="5" mb="0" cb="0"/><line nr="262" mi="0" ci="5" mb="1" cb="1"/><line nr="263" mi="5" ci="0" mb="0" cb="0"/><line nr="264" mi="0" ci="1" mb="0" cb="0"/><line nr="266" mi="2" ci="10" mb="3" cb="3"/><line nr="267" mi="5" ci="0" mb="0" cb="0"/><line nr="268" mi="2" ci="0" mb="0" cb="0"/><line nr="270" mi="4" ci="0" mb="0" cb="0"/><line nr="271" mi="16" ci="0" mb="0" cb="0"/><line nr="273" mi="2" ci="10" mb="3" cb="3"/><line nr="274" mi="5" ci="0" mb="0" cb="0"/><line nr="275" mi="2" ci="0" mb="0" cb="0"/><line nr="277" mi="4" ci="0" mb="0" cb="0"/><line nr="278" mi="16" ci="0" mb="0" cb="0"/><line nr="283" mi="0" ci="4" mb="1" cb="1"/><line nr="284" mi="5" ci="0" mb="0" cb="0"/><line nr="285" mi="2" ci="0" mb="0" cb="0"/><line nr="287" mi="4" ci="0" mb="0" cb="0"/><line nr="288" mi="16" ci="0" mb="0" cb="0"/><line nr="293" mi="0" ci="10" mb="0" cb="0"/><line nr="296" mi="0" ci="4" mb="1" cb="1"/><line nr="297" mi="5" ci="0" mb="0" cb="0"/><line nr="298" mi="2" ci="0" mb="0" cb="0"/><line nr="300" mi="4" ci="0" mb="0" cb="0"/><line nr="301" mi="16" ci="0" mb="0" cb="0"/><line nr="305" mi="0" ci="10" mb="0" cb="0"/><line nr="306" mi="0" ci="12" mb="0" cb="0"/><line nr="309" mi="0" ci="1" mb="0" cb="0"/><line nr="311" mi="0" ci="5" mb="0" cb="0"/><line nr="312" mi="0" ci="14" mb="0" cb="0"/><line nr="313" mi="0" ci="1" mb="0" cb="0"/><line nr="314" mi="0" ci="1" mb="0" cb="0"/><line nr="315" mi="0" ci="1" mb="0" cb="0"/><line nr="316" mi="0" ci="1" mb="0" cb="0"/><line nr="317" mi="0" ci="2" mb="0" cb="0"/><line nr="318" mi="0" ci="13" mb="0" cb="0"/><line nr="320" mi="1" ci="0" mb="0" cb="0"/><line nr="321" mi="3" ci="0" mb="0" cb="0"/><line nr="322" mi="10" ci="0" mb="0" cb="0"/><line nr="324" mi="4" ci="0" mb="0" cb="0"/><line nr="325" mi="5" ci="0" mb="0" cb="0"/><line nr="326" mi="3" ci="0" mb="0" cb="0"/><line nr="327" mi="8" ci="0" mb="2" cb="0"/><line nr="328" mi="1" ci="0" mb="0" cb="0"/><line nr="329" mi="2" ci="0" mb="0" cb="0"/><line nr="331" mi="1" ci="0" mb="0" cb="0"/><line nr="333" mi="3" ci="0" mb="0" cb="0"/><line nr="334" mi="10" ci="0" mb="0" cb="0"/><line nr="336" mi="3" ci="3" mb="0" cb="0"/><line nr="337" mi="3" ci="0" mb="0" cb="0"/><line nr="338" mi="2" ci="0" mb="0" cb="0"/><line nr="339" mi="4" ci="0" mb="0" cb="0"/><line nr="340" mi="6" ci="0" mb="2" cb="0"/><line nr="342" mi="3" ci="0" mb="0" cb="0"/><line nr="343" mi="2" ci="0" mb="0" cb="0"/><line nr="344" mi="1" ci="0" mb="0" cb="0"/><line nr="345" mi="2" ci="0" mb="0" cb="0"/><line nr="348" mi="1" ci="0" mb="0" cb="0"/><line nr="350" mi="3" ci="0" mb="0" cb="0"/><line nr="351" mi="8" ci="0" mb="0" cb="0"/><line nr="353" mi="4" ci="0" mb="0" cb="0"/><line nr="354" mi="16" ci="0" mb="0" cb="0"/><line nr="356" mi="1" ci="0" mb="0" cb="0"/><line nr="357" mi="3" ci="0" mb="0" cb="0"/><line nr="358" mi="8" ci="0" mb="0" cb="0"/><line nr="360" mi="4" ci="1" mb="0" cb="0"/><line nr="361" mi="16" ci="0" mb="0" cb="0"/><counter type="INSTRUCTION" missed="338" covered="267"/><counter type="BRANCH" missed="20" covered="16"/><counter type="LINE" missed="69" covered="50"/><counter type="COMPLEXITY" missed="27" covered="14"/><counter type="METHOD" missed="9" covered="14"/><counter type="CLASS" missed="5" covered="2"/></sourcefile><sourcefile name="RpcSymbol.kt"><line nr="9" mi="0" ci="11" mb="0" cb="0"/><line nr="11" mi="0" ci="7" mb="0" cb="0"/><line nr="14" mi="0" ci="10" mb="0" cb="0"/><counter type="INSTRUCTION" missed="0" covered="28"/><counter type="LINE" missed="0" covered="3"/><counter type="COMPLEXITY" missed="0" covered="3"/><counter type="METHOD" missed="0" covered="3"/><counter type="CLASS" missed="0" covered="1"/></sourcefile><sourcefile name="GrpcWebService.kt"/><sourcefile name="GrpcWebCallResponse.kt"><line nr="18" mi="0" ci="2" mb="0" cb="0"/><line nr="19" mi="0" ci="1" mb="0" cb="0"/><line nr="20" mi="3" ci="3" mb="0" cb="0"/><line nr="34" mi="1" ci="0" mb="0" cb="0"/><line nr="35" mi="6" ci="0" mb="0" cb="0"/><line nr="36" mi="6" ci="0" mb="0" cb="0"/><line nr="37" mi="6" ci="0" mb="0" cb="0"/><line nr="38" mi="6" ci="0" mb="0" cb="0"/><line nr="39" mi="6" ci="0" mb="0" cb="0"/><line nr="40" mi="4" ci="0" mb="0" cb="0"/><line nr="43" mi="1" ci="0" mb="0" cb="0"/><line nr="44" mi="2" ci="0" mb="0" cb="0"/><line nr="45" mi="1" ci="0" mb="0" cb="0"/><line nr="46" mi="2" ci="0" mb="0" cb="0"/><line nr="47" mi="2" ci="0" mb="0" cb="0"/><line nr="48" mi="2" ci="0" mb="0" cb="0"/><line nr="49" mi="2" ci="0" mb="0" cb="0"/><line nr="51" mi="1" ci="0" mb="0" cb="0"/><line nr="64" mi="0" ci="1" mb="0" cb="0"/><line nr="65" mi="3" ci="3" mb="0" cb="0"/><line nr="66" mi="3" ci="3" mb="0" cb="0"/><line nr="67" mi="3" ci="3" mb="0" cb="0"/><line nr="68" mi="3" ci="3" mb="0" cb="0"/><line nr="69" mi="0" ci="4" mb="0" cb="0"/><line nr="72" mi="0" ci="1" mb="0" cb="0"/><line nr="73" mi="0" ci="2" mb="0" cb="0"/><line nr="74" mi="0" ci="1" mb="0" cb="0"/><line nr="75" mi="0" ci="4" mb="0" cb="0"/><line nr="76" mi="0" ci="2" mb="0" cb="0"/><line nr="77" mi="0" ci="2" mb="0" cb="0"/><line nr="78" mi="0" ci="2" mb="0" cb="0"/><line nr="80" mi="0" ci="1" mb="0" cb="0"/><counter type="INSTRUCTION" missed="78" covered="53"/><counter type="LINE" missed="15" covered="17"/><counter type="COMPLEXITY" missed="12" covered="3"/><counter type="METHOD" missed="12" covered="3"/><counter type="CLASS" missed="1" covered="2"/></sourcefile><sourcefile name="MessageDeframer.kt"><line nr="22" mi="0" ci="3" mb="0" cb="0"/><line nr="23" mi="0" ci="7" mb="0" cb="0"/><line nr="27" mi="0" ci="6" mb="0" cb="0"/><line nr="32" mi="3" ci="0" mb="0" cb="0"/><line nr="35" mi="3" ci="0" mb="0" cb="0"/><line nr="40" mi="0" ci="9" mb="0" cb="0"/><line nr="41" mi="1" ci="2" mb="1" cb="1"/><line nr="42" mi="5" ci="0" mb="0" cb="0"/><line nr="43" mi="2" ci="0" mb="0" cb="0"/><line nr="45" mi="3" ci="0" mb="0" cb="0"/><line nr="46" mi="2" ci="0" mb="0" cb="0"/><line nr="49" mi="0" ci="5" mb="0" cb="0"/><line nr="50" mi="0" ci="6" mb="0" cb="0"/><line nr="53" mi="0" ci="2" mb="1" cb="1"/><line nr="54" mi="6" ci="0" mb="0" cb="0"/><line nr="55" mi="2" ci="0" mb="0" cb="0"/><line nr="57" mi="0" ci="7" mb="0" cb="0"/><line nr="58" mi="0" ci="4" mb="1" cb="1"/><line nr="59" mi="9" ci="0" mb="0" cb="0"/><line nr="60" mi="1" ci="0" mb="0" cb="0"/><line nr="61" mi="6" ci="0" mb="0" cb="0"/><line nr="63" mi="3" ci="0" mb="0" cb="0"/><line nr="64" mi="2" ci="0" mb="0" cb="0"/><line nr="67" mi="0" ci="7" mb="0" cb="0"/><line nr="68" mi="0" ci="1" mb="0" cb="0"/><line nr="69" mi="0" ci="11" mb="0" cb="0"/><line nr="70" mi="0" ci="5" mb="0" cb="0"/><line nr="71" mi="0" ci="8" mb="0" cb="0"/><line nr="74" mi="2" ci="7" mb="1" cb="1"/><line nr="83" mi="3" ci="5" mb="1" cb="1"/><line nr="97" mi="0" ci="8" mb="0" cb="0"/><line nr="98" mi="0" ci="3" mb="1" cb="1"/><line nr="99" mi="4" ci="0" mb="0" cb="0"/><line nr="101" mi="0" ci="1" mb="0" cb="0"/><line nr="102" mi="0" ci="1" mb="0" cb="0"/><line nr="103" mi="1" ci="0" mb="0" cb="0"/><line nr="104" mi="2" ci="0" mb="0" cb="0"/><line nr="105" mi="15" ci="0" mb="0" cb="0"/><line nr="106" mi="2" ci="0" mb="0" cb="0"/><line nr="110" mi="0" ci="4" mb="1" cb="1"/><line nr="111" mi="8" ci="0" mb="0" cb="0"/><line nr="112" mi="5" ci="0" mb="0" cb="0"/><line nr="114" mi="2" ci="0" mb="0" cb="0"/><line nr="117" mi="0" ci="4" mb="1" cb="1"/><line nr="120" mi="0" ci="5" mb="0" cb="0"/><line nr="123" mi="0" ci="4" mb="1" cb="1"/><line nr="124" mi="0" ci="7" mb="0" cb="0"/><line nr="126" mi="4" ci="0" mb="0" cb="0"/><line nr="127" mi="20" ci="0" mb="0" cb="0"/><line nr="128" mi="6" ci="0" mb="0" cb="0"/><line nr="129" mi="3" ci="0" mb="0" cb="0"/><line nr="130" mi="2" ci="0" mb="0" cb="0"/><line nr="131" mi="2" ci="0" mb="0" cb="0"/><line nr="132" mi="4" ci="0" mb="0" cb="0"/><line nr="133" mi="3" ci="0" mb="0" cb="0"/><line nr="135" mi="1" ci="6" mb="1" cb="1"/><counter type="INSTRUCTION" missed="137" covered="144"/><counter type="BRANCH" missed="10" covered="10"/><counter type="LINE" missed="29" covered="27"/><counter type="COMPLEXITY" missed="15" covered="4"/><counter type="METHOD" missed="5" covered="4"/><counter type="CLASS" missed="3" covered="1"/></sourcefile><sourcefile name="GrpcWebTransport.kt"/><sourcefile name="MessageDeserializer.kt"/><sourcefile name="ResponseUtil.kt"><line nr="13" mi="0" ci="2" mb="0" cb="0"/><line nr="14" mi="0" ci="10" mb="0" cb="0"/><line nr="15" mi="0" ci="2" mb="0" cb="0"/><line nr="19" mi="0" ci="3" mb="0" cb="0"/><line nr="20" mi="0" ci="23" mb="0" cb="0"/><line nr="21" mi="0" ci="4" mb="0" cb="0"/><line nr="40" mi="0" ci="2" mb="0" cb="0"/><line nr="41" mi="0" ci="1" mb="0" cb="0"/><line nr="42" mi="0" ci="1" mb="0" cb="0"/><line nr="46" mi="0" ci="5" mb="0" cb="0"/><line nr="47" mi="0" ci="1" mb="0" cb="0"/><line nr="60" mi="0" ci="4" mb="0" cb="0"/><line nr="61" mi="5" ci="15" mb="0" cb="0"/><line nr="63" mi="0" ci="1" mb="0" cb="0"/><line nr="64" mi="0" ci="1" mb="0" cb="0"/><line nr="65" mi="0" ci="1" mb="0" cb="0"/><line nr="69" mi="0" ci="1" mb="0" cb="0"/><line nr="70" mi="0" ci="1" mb="0" cb="0"/><line nr="71" mi="0" ci="1" mb="0" cb="0"/><line nr="72" mi="0" ci="15" mb="0" cb="0"/><line nr="74" mi="0" ci="2" mb="0" cb="0"/><line nr="76" mi="0" ci="3" mb="0" cb="0"/><line nr="77" mi="0" ci="1" mb="0" cb="0"/><line nr="78" mi="0" ci="5" mb="0" cb="0"/><line nr="79" mi="0" ci="1" mb="0" cb="0"/><line nr="81" mi="0" ci="1" mb="0" cb="0"/><line nr="96" mi="0" ci="5" mb="0" cb="0"/><line nr="97" mi="0" ci="11" mb="0" cb="0"/><line nr="98" mi="0" ci="2" mb="0" cb="0"/><line nr="99" mi="0" ci="1" mb="0" cb="0"/><line nr="100" mi="0" ci="1" mb="0" cb="0"/><line nr="101" mi="0" ci="6" mb="0" cb="0"/><line nr="103" mi="0" ci="3" mb="0" cb="0"/><line nr="104" mi="0" ci="5" mb="0" cb="0"/><line nr="106" mi="0" ci="1" mb="0" cb="0"/><line nr="135" mi="0" ci="6" mb="0" cb="0"/><line nr="138" mi="0" ci="4" mb="0" cb="0"/><line nr="139" mi="5" ci="15" mb="0" cb="0"/><line nr="142" mi="0" ci="1" mb="0" cb="0"/><line nr="143" mi="0" ci="1" mb="0" cb="0"/><line nr="144" mi="0" ci="1" mb="0" cb="0"/><line nr="145" mi="0" ci="1" mb="0" cb="0"/><line nr="149" mi="0" ci="1" mb="0" cb="0"/><line nr="150" mi="0" ci="1" mb="0" cb="0"/><line nr="151" mi="0" ci="1" mb="0" cb="0"/><line nr="152" mi="0" ci="1" mb="0" cb="0"/><line nr="154" mi="0" ci="2" mb="0" cb="0"/><line nr="157" mi="0" ci="6" mb="1" cb="1"/><line nr="158" mi="3" ci="0" mb="0" cb="0"/><line nr="159" mi="2" ci="0" mb="0" cb="0"/><line nr="162" mi="0" ci="2" mb="0" cb="0"/><line nr="164" mi="0" ci="1" mb="0" cb="0"/><counter type="INSTRUCTION" missed="15" covered="217"/><counter type="BRANCH" missed="1" covered="1"/><counter type="LINE" missed="2" covered="50"/><counter type="COMPLEXITY" missed="1" covered="5"/><counter type="METHOD" missed="0" covered="5"/><counter type="CLASS" missed="0" covered="1"/></sourcefile><counter type="INSTRUCTION" missed="1287" covered="2237"/><counter type="BRANCH" missed="97" covered="62"/><counter type="LINE" missed="271" covered="401"/><counter type="COMPLEXITY" missed="122" covered="104"/><counter type="METHOD" missed="43" covered="102"/><counter type="CLASS" missed="15" covered="29"/></package><package name="elide/server/controller"><class name="elide/server/controller/StatusEnabledController" sourcefilename="StatusEnabledController.kt"/><sourcefile name="StatusEnabledController.kt"/></package><package name="elide/server/runtime"><class name="elide/server/runtime/UncaughtExceptionHandler" sourcefilename="UncaughtExceptionHandler.kt"><method name="&lt;init&gt;" desc="()V" line="11"><counter type="INSTRUCTION" missed="0" covered="8"/><counter type="LINE" missed="0" covered="2"/><counter type="COMPLEXITY" missed="0" covered="1"/><counter type="METHOD" missed="0" covered="1"/></method><method name="uncaughtException" desc="(Ljava/lang/Thread;Ljava/lang/Throwable;)V" line="17"><counter type="INSTRUCTION" missed="30" covered="0"/><counter type="BRANCH" missed="2" covered="0"/><counter type="LINE" missed="4" covered="0"/><counter type="COMPLEXITY" missed="2" covered="0"/><counter type="METHOD" missed="1" covered="0"/></method><counter type="INSTRUCTION" missed="30" covered="8"/><counter type="BRANCH" missed="2" covered="0"/><counter type="LINE" missed="4" covered="2"/><counter type="COMPLEXITY" missed="2" covered="1"/><counter type="METHOD" missed="1" covered="1"/><counter type="CLASS" missed="0" covered="1"/></class><class name="elide/server/runtime/AppExecutor$DefaultExecutor" sourcefilename="AppExecutor.kt"><method name="&lt;init&gt;" desc="(Ljava/lang/Thread$UncaughtExceptionHandler;)V" line="35"><counter type="INSTRUCTION" missed="0" covered="31"/><counter type="LINE" missed="0" covered="12"/><counter type="COMPLEXITY" missed="0" covered="1"/><counter type="METHOD" missed="0" covered="1"/></method><method name="overrideExecutor" desc="(Lcom/google/common/util/concurrent/ListeningScheduledExecutorService;)V" line="73"><counter type="INSTRUCTION" missed="7" covered="0"/><counter type="LINE" missed="2" covered="0"/><counter type="COMPLEXITY" missed="1" covered="0"/><counter type="METHOD" missed="1" covered="0"/></method><method name="service" desc="()Lcom/google/common/util/concurrent/ListeningScheduledExecutorService;" line="77"><counter type="INSTRUCTION" missed="3" covered="0"/><counter type="LINE" missed="1" covered="0"/><counter type="COMPLEXITY" missed="1" covered="0"/><counter type="METHOD" missed="1" covered="0"/></method><method name="&lt;clinit&gt;" desc="()V" line="42"><counter type="INSTRUCTION" missed="0" covered="16"/><counter type="LINE" missed="0" covered="2"/><counter type="COMPLEXITY" missed="0" covered="1"/><counter type="METHOD" missed="0" covered="1"/></method><counter type="INSTRUCTION" missed="10" covered="47"/><counter type="LINE" missed="3" covered="14"/><counter type="COMPLEXITY" missed="2" covered="2"/><counter type="METHOD" missed="2" covered="2"/><counter type="CLASS" missed="0" covered="1"/></class><class name="elide/server/runtime/AppExecutor$DefaultImpls" sourcefilename="AppExecutor.kt"><method name="executor" desc="(Lelide/server/runtime/AppExecutor;)Ljava/util/concurrent/Executor;" line="29"><counter type="INSTRUCTION" missed="4" covered="0"/><counter type="LINE" missed="1" covered="0"/><counter type="COMPLEXITY" missed="1" covered="0"/><counter type="METHOD" missed="1" covered="0"/></method><counter type="INSTRUCTION" missed="4" covered="0"/><counter type="LINE" missed="1" covered="0"/><counter type="COMPLEXITY" missed="1" covered="0"/><counter type="METHOD" missed="1" covered="0"/><counter type="CLASS" missed="1" covered="0"/></class><class name="elide/server/runtime/AppExecutor$DefaultExecutor$Companion" sourcefilename="AppExecutor.kt"><method name="acquire" desc="()Lelide/server/runtime/AppExecutor;" line="49"><counter type="INSTRUCTION" missed="3" covered="0"/><counter type="LINE" missed="1" covered="0"/><counter type="COMPLEXITY" missed="1" covered="0"/><counter type="METHOD" missed="1" covered="0"/></method><counter type="INSTRUCTION" missed="3" covered="0"/><counter type="LINE" missed="1" covered="0"/><counter type="COMPLEXITY" missed="1" covered="0"/><counter type="METHOD" missed="1" covered="0"/><counter type="CLASS" missed="1" covered="0"/></class><class name="elide/server/runtime/AppExecutor$DefaultSettings" sourcefilename="AppExecutor.kt"/><class name="elide/server/runtime/AppExecutor" sourcefilename="AppExecutor.kt"/><class name="elide/server/runtime/TestAppExecutor" sourcefilename="TestAppExecutor.kt"><method name="&lt;init&gt;" desc="()V" line="11"><counter type="INSTRUCTION" missed="3" covered="0"/><counter type="LINE" missed="2" covered="0"/><counter type="COMPLEXITY" missed="1" covered="0"/><counter type="METHOD" missed="1" covered="0"/></method><method name="service" desc="()Lcom/google/common/util/concurrent/ListeningScheduledExecutorService;" line="15"><counter type="INSTRUCTION" missed="11" covered="0"/><counter type="LINE" missed="3" covered="0"/><counter type="COMPLEXITY" missed="1" covered="0"/><counter type="METHOD" missed="1" covered="0"/></method><method name="service$lambda-0" desc="(Ljava/lang/Runnable;)Ljava/lang/Thread;" line="18"><counter type="INSTRUCTION" missed="2" covered="0"/><counter type="LINE" missed="1" covered="0"/><counter type="COMPLEXITY" missed="1" covered="0"/><counter type="METHOD" missed="1" covered="0"/></method><counter type="INSTRUCTION" missed="16" covered="0"/><counter type="LINE" missed="6" covered="0"/><counter type="COMPLEXITY" missed="3" covered="0"/><counter type="METHOD" missed="3" covered="0"/><counter type="CLASS" missed="1" covered="0"/></class><sourcefile name="UncaughtExceptionHandler.kt"><line nr="11" mi="0" ci="3" mb="0" cb="0"/><line nr="13" mi="0" ci="5" mb="0" cb="0"/><line nr="17" mi="3" ci="0" mb="0" cb="0"/><line nr="18" mi="18" ci="0" mb="2" cb="0"/><line nr="19" mi="2" ci="0" mb="0" cb="0"/><line nr="21" mi="1" ci="0" mb="0" cb="0"/><counter type="INSTRUCTION" missed="30" covered="8"/><counter type="BRANCH" missed="2" covered="0"/><counter type="LINE" missed="4" covered="2"/><counter type="COMPLEXITY" missed="2" covered="1"/><counter type="METHOD" missed="1" covered="1"/><counter type="CLASS" missed="0" covered="1"/></sourcefile><sourcefile name="AppExecutor.kt"><line nr="29" mi="4" ci="0" mb="0" cb="0"/><line nr="35" mi="0" ci="2" mb="0" cb="0"/><line nr="37" mi="0" ci="1" mb="0" cb="0"/><line nr="42" mi="0" ci="4" mb="0" cb="0"/><line nr="45" mi="0" ci="7" mb="0" cb="0"/><line nr="49" mi="3" ci="0" mb="0" cb="0"/><line nr="53" mi="0" ci="3" mb="0" cb="0"/><line nr="54" mi="0" ci="2" mb="0" cb="0"/><line nr="55" mi="0" ci="2" mb="0" cb="0"/><line nr="56" mi="0" ci="2" mb="0" cb="0"/><line nr="57" mi="0" ci="3" mb="0" cb="0"/><line nr="60" mi="0" ci="6" mb="0" cb="0"/><line nr="61" mi="0" ci="1" mb="0" cb="0"/><line nr="62" mi="0" ci="3" mb="0" cb="0"/><line nr="63" mi="0" ci="1" mb="0" cb="0"/><line nr="64" mi="0" ci="2" mb="0" cb="0"/><line nr="73" mi="3" ci="0" mb="0" cb="0"/><line nr="74" mi="1" ci="0" mb="0" cb="0"/><line nr="77" mi="3" ci="0" mb="0" cb="0"/><counter type="INSTRUCTION" missed="17" covered="47"/><counter type="LINE" missed="5" covered="14"/><counter type="COMPLEXITY" missed="4" covered="2"/><counter type="METHOD" missed="4" covered="2"/><counter type="CLASS" missed="2" covered="1"/></sourcefile><sourcefile name="TestAppExecutor.kt"><line nr="11" mi="2" ci="0" mb="0" cb="0"/><line nr="13" mi="1" ci="0" mb="0" cb="0"/><line nr="15" mi="5" ci="0" mb="0" cb="0"/><line nr="16" mi="1" ci="0" mb="0" cb="0"/><line nr="17" mi="5" ci="0" mb="0" cb="0"/><line nr="18" mi="2" ci="0" mb="0" cb="0"/><counter type="INSTRUCTION" missed="16" covered="0"/><counter type="LINE" missed="6" covered="0"/><counter type="COMPLEXITY" missed="3" covered="0"/><counter type="METHOD" missed="3" covered="0"/><counter type="CLASS" missed="1" covered="0"/></sourcefile><counter type="INSTRUCTION" missed="63" covered="55"/><counter type="BRANCH" missed="2" covered="0"/><counter type="LINE" missed="15" covered="16"/><counter type="COMPLEXITY" missed="9" covered="3"/><counter type="METHOD" missed="8" covered="3"/><counter type="CLASS" missed="3" covered="2"/></package><counter type="INSTRUCTION" missed="3414" covered="3515"/><counter type="BRANCH" missed="246" covered="103"/><counter type="LINE" missed="604" covered="615"/><counter type="COMPLEXITY" missed="321" covered="177"/><counter type="METHOD" missed="152" covered="164"/><counter type="CLASS" missed="32" covered="52"/></report>